#
# A fatal error has been detected by the Java Runtime Environment:
#
#  EXCEPTION_ACCESS_VIOLATION (0xc0000005) at pc=0x00007ffc8341c75d, pid=7576, tid=4692
#
# JRE version: OpenJDK Runtime Environment Temurin-11.0.18+10 (11.0.18+10) (build 11.0.18+10)
# Java VM: OpenJDK 64-Bit Server VM Temurin-11.0.18+10 (11.0.18+10, mixed mode, tiered, compressed oops, g1 gc, windows-amd64)
# Problematic frame:
# C  [lwjgl_opengl.dll+0xc75d]
#
# No core dump will be written. Minidumps are not enabled by default on client versions of Windows
#
# If you would like to submit a bug report, please visit:
#   https://github.com/adoptium/adoptium-support/issues
# The crash happened outside the Java Virtual Machine in native code.
# See problematic frame for where to report the bug.
#

---------------  S U M M A R Y ------------

Command Line: Program

Host: 11th Gen Intel(R) Core(TM) i3-1115G4 @ 3.00GHz, 4 cores, 7G,  Windows 11 , 64 bit Build 22621 (10.0.22621.2428)
Time: Fri Oct 27 22:13:13 2023  Windows 11 , 64 bit Build 22621 (10.0.22621.2428) elapsed time: 0.928744 seconds (0d 0h 0m 0s)

---------------  T H R E A D  ---------------

Current thread (0x000002cecb1ad000):  JavaThread "main" [_thread_in_native, id=4692, stack(0x000000e72fb00000,0x000000e72fc00000)]

Stack: [0x000000e72fb00000,0x000000e72fc00000],  sp=0x000000e72fbff268,  free space=1020k
Native frames: (J=compiled Java code, j=interpreted, Vv=VM code, C=native code)
C  [lwjgl_opengl.dll+0xc75d]

Java frames: (J=compiled Java code, j=interpreted, Vv=VM code)
j  org.lwjgl.opengl.GL11C.nglGenTextures(IJ)V+0
j  org.lwjgl.opengl.GL11C.glGenTextures()I+20
j  org.lwjgl.opengl.GL11.glGenTextures()I+0
j  GLTexture.loadTexture(Ljava/awt/image/BufferedImage;)I+161
j  Program.main([Ljava/lang/String;)V+51
v  ~StubRoutines::call_stub

siginfo: EXCEPTION_ACCESS_VIOLATION (0xc0000005), reading address 0x00000000000002d8


Register to memory mapping:

RIP=0x00007ffc8341c75d lwjgl_opengl.dll
RAX=0x000002ceec8528c0 points into unknown readable memory: 0x0000000000000000 | 00 00 00 00 00 00 00 00
RBX={method} {0x000002cef5036bc8} 'nglGenTextures' '(IJ)V' in 'org/lwjgl/opengl/GL11C'
RCX=0x0000000000000001 is an unknown value
RDX=0x000002ceec85149c points into unknown readable memory: 00 00 00 00
RSP=0x000000e72fbff268 is pointing into the stack for thread: 0x000002cecb1ad000
RBP=0x000000e72fbff2f0 is pointing into the stack for thread: 0x000002cecb1ad000
RSI=0x000002ceec00a528 is pointing into metadata
RDI=0x0000000000000001 is an unknown value
R8 =0x0000000000000001 is an unknown value
R9 =0x000002ceec85149c points into unknown readable memory: 00 00 00 00
R10=0x0 is NULL
R11=0x000000008a3e8380 is an oop: java.lang.Class 
{0x000000008a3e8380} - klass: 'java/lang/Class'
 - ---- fields (total size 116 words):
 - private volatile transient strict 'cachedConstructor' 'Ljava/lang/reflect/Constructor;' @12  NULL (0)
 - private volatile transient strict 'newInstanceCallerCache' 'Ljava/lang/Class;' @16  NULL (0)
 - private transient 'name' 'Ljava/lang/String;' @20  "org.lwjgl.opengl.GL11C"{0x000000008a3e8730} (8a3e8730)
 - private transient 'module' 'Ljava/lang/Module;' @24  a 'java/lang/Module'{0x000000008afaea20} (8afaea20)
 - private final 'classLoader' 'Ljava/lang/ClassLoader;' @28  a 'jdk/internal/loader/ClassLoaders$AppClassLoader'{0x000000008afae870} (8afae870)
 - private transient 'packageName' 'Ljava/lang/String;' @32  "org.lwjgl.opengl"{0x000000008a4dd390} (8a4dd390)
 - private final strict 'componentType' 'Ljava/lang/Class;' @36  NULL (0)
 - private volatile transient strict 'reflectionData' 'Ljava/lang/ref/SoftReference;' @40  NULL (0)
 - private volatile transient 'genericInfo' 'Lsun/reflect/generics/repository/ClassRepository;' @44  NULL (0)
 - private volatile transient strict 'enumConstants' '[Ljava/lang/Object;' @48  NULL (0)
 - private volatile transient strict 'enumConstantDirectory' 'Ljava/util/Map;' @52  NULL (0)
 - private volatile transient 'annotationData' 'Ljava/lang/Class$AnnotationData;' @56  NULL (0)
 - private volatile transient 'annotationType' 'Lsun/reflect/annotation/AnnotationType;' @60  NULL (0)
 - transient 'classValueMap' 'Ljava/lang/ClassValue$ClassValueMap;' @64  NULL (0)
 - private volatile transient 'classRedefinedCount' 'I' @96  0
 - signature: Lorg/lwjgl/opengl/GL11C;
 - fake entry for mirror: 'org/lwjgl/opengl/GL11C'
 - fake entry for array: NULL
 - fake entry for oop_size: 116
 - fake entry for static_oop_field_count: 0
 - public static final 'GL_NEVER' 'I' @112  512 (200)
 - public static final 'GL_LESS' 'I' @116  513 (201)
 - public static final 'GL_EQUAL' 'I' @120  514 (202)
 - public static final 'GL_LEQUAL' 'I' @124  515 (203)
 - public static final 'GL_GREATER' 'I' @128  516 (204)
 - public static final 'GL_NOTEQUAL' 'I' @132  517 (205)
 - public static final 'GL_GEQUAL' 'I' @136  518 (206)
 - public static final 'GL_ALWAYS' 'I' @140  519 (207)
 - public static final 'GL_DEPTH_BUFFER_BIT' 'I' @144  256 (100)
 - public static final 'GL_STENCIL_BUFFER_BIT' 'I' @148  1024 (400)
 - public static final 'GL_COLOR_BUFFER_BIT' 'I' @152  16384 (4000)
 - public static final 'GL_POINTS' 'I' @156  0
 - public static final 'GL_LINES' 'I' @160  1
 - public static final 'GL_LINE_LOOP' 'I' @164  2
 - public static final 'GL_LINE_STRIP' 'I' @168  3
 - public static final 'GL_TRIANGLES' 'I' @172  4
 - public static final 'GL_TRIANGLE_STRIP' 'I' @176  5
 - public static final 'GL_TRIANGLE_FAN' 'I' @180  6
 - public static final 'GL_QUADS' 'I' @184  7
 - public static final 'GL_ZERO' 'I' @188  0
 - public static final 'GL_ONE' 'I' @192  1
 - public static final 'GL_SRC_COLOR' 'I' @196  768 (300)
 - public static final 'GL_ONE_MINUS_SRC_COLOR' 'I' @200  769 (301)
 - public static final 'GL_SRC_ALPHA' 'I' @204  770 (302)
 - public static final 'GL_ONE_MINUS_SRC_ALPHA' 'I' @208  771 (303)
 - public static final 'GL_DST_ALPHA' 'I' @212  772 (304)
 - public static final 'GL_ONE_MINUS_DST_ALPHA' 'I' @216  773 (305)
 - public static final 'GL_DST_COLOR' 'I' @220  774 (306)
 - public static final 'GL_ONE_MINUS_DST_COLOR' 'I' @224  775 (307)
 - public static final 'GL_SRC_ALPHA_SATURATE' 'I' @228  776 (308)
 - public static final 'GL_TRUE' 'I' @232  1
 - public static final 'GL_FALSE' 'I' @236  0
 - public static final 'GL_BYTE' 'I' @240  5120 (1400)
 - public static final 'GL_UNSIGNED_BYTE' 'I' @244  5121 (1401)
 - public static final 'GL_SHORT' 'I' @248  5122 (1402)
 - public static final 'GL_UNSIGNED_SHORT' 'I' @252  5123 (1403)
 - public static final 'GL_INT' 'I' @256  5124 (1404)
 - public static final 'GL_UNSIGNED_INT' 'I' @260  5125 (1405)
 - public static final 'GL_FLOAT' 'I' @264  5126 (1406)
 - public static final 'GL_DOUBLE' 'I' @268  5130 (140a)
 - public static final 'GL_NONE' 'I' @272  0
 - public static final 'GL_FRONT_LEFT' 'I' @276  1024 (400)
 - public static final 'GL_FRONT_RIGHT' 'I' @280  1025 (401)
 - public static final 'GL_BACK_LEFT' 'I' @284  1026 (402)
 - public static final 'GL_BACK_RIGHT' 'I' @288  1027 (403)
 - public static final 'GL_FRONT' 'I' @292  1028 (404)
 - public static final 'GL_BACK' 'I' @296  1029 (405)
 - public static final 'GL_LEFT' 'I' @300  1030 (406)
 - public static final 'GL_RIGHT' 'I' @304  1031 (407)
 - public static final 'GL_FRONT_AND_BACK' 'I' @308  1032 (408)
 - public static final 'GL_NO_ERROR' 'I' @312  0
 - public static final 'GL_INVALID_ENUM' 'I' @316  1280 (500)
 - public static final 'GL_INVALID_VALUE' 'I' @320  1281 (501)
 - public static final 'GL_INVALID_OPERATION' 'I' @324  1282 (502)
 - public static final 'GL_STACK_OVERFLOW' 'I' @328  1283 (503)
 - public static final 'GL_STACK_UNDERFLOW' 'I' @332  1284 (504)
 - public static final 'GL_OUT_OF_MEMORY' 'I' @336  1285 (505)
 - public static final 'GL_CW' 'I' @340  2304 (900)
 - public static final 'GL_CCW' 'I' @344  2305 (901)
 - public static final 'GL_POINT_SIZE' 'I' @348  2833 (b11)
 - public static final 'GL_POINT_SIZE_RANGE' 'I' @352  2834 (b12)
 - public static final 'GL_POINT_SIZE_GRANULARITY' 'I' @356  2835 (b13)
 - public static final 'GL_LINE_SMOOTH' 'I' @360  2848 (b20)
 - public static final 'GL_LINE_WIDTH' 'I' @364  2849 (b21)
 - public static final 'GL_LINE_WIDTH_RANGE' 'I' @368  2850 (b22)
 - public static final 'GL_LINE_WIDTH_GRANULARITY' 'I' @372  2851 (b23)
 - public static final 'GL_POLYGON_MODE' 'I' @376  2880 (b40)
 - public static final 'GL_POLYGON_SMOOTH' 'I' @380  2881 (b41)
 - public static final 'GL_CULL_FACE' 'I' @384  2884 (b44)
 - public static final 'GL_CULL_FACE_MODE' 'I' @388  2885 (b45)
 - public static final 'GL_FRONT_FACE' 'I' @392  2886 (b46)
 - public static final 'GL_DEPTH_RANGE' 'I' @396  2928 (b70)
 - public static final 'GL_DEPTH_TEST' 'I' @400  2929 (b71)
 - public static final 'GL_DEPTH_WRITEMASK' 'I' @404  2930 (b72)
 - public static final 'GL_DEPTH_CLEAR_VALUE' 'I' @408  2931 (b73)
 - public static final 'GL_DEPTH_FUNC' 'I' @412  2932 (b74)
 - public static final 'GL_STENCIL_TEST' 'I' @416  2960 (b90)
 - public static final 'GL_STENCIL_CLEAR_VALUE' 'I' @420  2961 (b91)
 - public static final 'GL_STENCIL_FUNC' 'I' @424  2962 (b92)
 - public static final 'GL_STENCIL_VALUE_MASK' 'I' @428  2963 (b93)
 - public static final 'GL_STENCIL_FAIL' 'I' @432  2964 (b94)
 - public static final 'GL_STENCIL_PASS_DEPTH_FAIL' 'I' @436  2965 (b95)
 - public static final 'GL_STENCIL_PASS_DEPTH_PASS' 'I' @440  2966 (b96)
 - public static final 'GL_STENCIL_REF' 'I' @444  2967 (b97)
 - public static final 'GL_STENCIL_WRITEMASK' 'I' @448  2968 (b98)
 - public static final 'GL_VIEWPORT' 'I' @452  2978 (ba2)
 - public static final 'GL_DITHER' 'I' @456  3024 (bd0)
 - public static final 'GL_BLEND_DST' 'I' @460  3040 (be0)
 - public static final 'GL_BLEND_SRC' 'I' @464  3041 (be1)
 - public static final 'GL_BLEND' 'I' @468  3042 (be2)
 - public static final 'GL_LOGIC_OP_MODE' 'I' @472  3056 (bf0)
 - public static final 'GL_COLOR_LOGIC_OP' 'I' @476  3058 (bf2)
 - public static final 'GL_DRAW_BUFFER' 'I' @480  3073 (c01)
 - public static final 'GL_READ_BUFFER' 'I' @484  3074 (c02)
 - public static final 'GL_SCISSOR_BOX' 'I' @488  3088 (c10)
 - public static final 'GL_SCISSOR_TEST' 'I' @492  3089 (c11)
 - public static final 'GL_COLOR_CLEAR_VALUE' 'I' @496  3106 (c22)
 - public static final 'GL_COLOR_WRITEMASK' 'I' @500  3107 (c23)
 - public static final 'GL_DOUBLEBUFFER' 'I' @504  3122 (c32)
 - public static final 'GL_STEREO' 'I' @508  3123 (c33)
 - public static final 'GL_LINE_SMOOTH_HINT' 'I' @512  3154 (c52)
 - public static final 'GL_POLYGON_SMOOTH_HINT' 'I' @516  3155 (c53)
 - public static final 'GL_UNPACK_SWAP_BYTES' 'I' @520  3312 (cf0)
 - public static final 'GL_UNPACK_LSB_FIRST' 'I' @524  3313 (cf1)
 - public static final 'GL_UNPACK_ROW_LENGTH' 'I' @528  3314 (cf2)
 - public static final 'GL_UNPACK_SKIP_ROWS' 'I' @532  3315 (cf3)
 - public static final 'GL_UNPACK_SKIP_PIXELS' 'I' @536  3316 (cf4)
 - public static final 'GL_UNPACK_ALIGNMENT' 'I' @540  3317 (cf5)
 - public static final 'GL_PACK_SWAP_BYTES' 'I' @544  3328 (d00)
 - public static final 'GL_PACK_LSB_FIRST' 'I' @548  3329 (d01)
 - public static final 'GL_PACK_ROW_LENGTH' 'I' @552  3330 (d02)
 - public static final 'GL_PACK_SKIP_ROWS' 'I' @556  3331 (d03)
 - public static final 'GL_PACK_SKIP_PIXELS' 'I' @560  3332 (d04)
 - public static final 'GL_PACK_ALIGNMENT' 'I' @564  3333 (d05)
 - public static final 'GL_MAX_TEXTURE_SIZE' 'I' @568  3379 (d33)
 - public static final 'GL_MAX_VIEWPORT_DIMS' 'I' @572  3386 (d3a)
 - public static final 'GL_SUBPIXEL_BITS' 'I' @576  3408 (d50)
 - public static final 'GL_TEXTURE_1D' 'I' @580  3552 (de0)
 - public static final 'GL_TEXTURE_2D' 'I' @584  3553 (de1)
 - public static final 'GL_TEXTURE_WIDTH' 'I' @588  4096 (1000)
 - public static final 'GL_TEXTURE_HEIGHT' 'I' @592  4097 (1001)
 - public static final 'GL_TEXTURE_INTERNAL_FORMAT' 'I' @596  4099 (1003)
 - public static final 'GL_TEXTURE_BORDER_COLOR' 'I' @600  4100 (1004)
 - public static final 'GL_DONT_CARE' 'I' @604  4352 (1100)
 - public static final 'GL_FASTEST' 'I' @608  4353 (1101)
 - public static final 'GL_NICEST' 'I' @612  4354 (1102)
 - public static final 'GL_CLEAR' 'I' @616  5376 (1500)
 - public static final 'GL_AND' 'I' @620  5377 (1501)
 - public static final 'GL_AND_REVERSE' 'I' @624  5378 (1502)
 - public static final 'GL_COPY' 'I' @628  5379 (1503)
 - public static final 'GL_AND_INVERTED' 'I' @632  5380 (1504)
 - public static final 'GL_NOOP' 'I' @636  5381 (1505)
 - public static final 'GL_XOR' 'I' @640  5382 (1506)
 - public static final 'GL_OR' 'I' @644  5383 (1507)
 - public static final 'GL_NOR' 'I' @648  5384 (1508)
 - public static final 'GL_EQUIV' 'I' @652  5385 (1509)
 - public static final 'GL_INVERT' 'I' @656  5386 (150a)
 - public static final 'GL_OR_REVERSE' 'I' @660  5387 (150b)
 - public static final 'GL_COPY_INVERTED' 'I' @664  5388 (150c)
 - public static final 'GL_OR_INVERTED' 'I' @668  5389 (150d)
 - public static final 'GL_NAND' 'I' @672  5390 (150e)
 - public static final 'GL_SET' 'I' @676  5391 (150f)
 - public static final 'GL_TEXTURE' 'I' @680  5890 (1702)
 - public static final 'GL_COLOR' 'I' @684  6144 (1800)
 - public static final 'GL_DEPTH' 'I' @688  6145 (1801)
 - public static final 'GL_STENCIL' 'I' @692  6146 (1802)
 - public static final 'GL_STENCIL_INDEX' 'I' @696  6401 (1901)
 - public static final 'GL_DEPTH_COMPONENT' 'I' @700  6402 (1902)
 - public static final 'GL_RED' 'I' @704  6403 (1903)
 - public static final 'GL_GREEN' 'I' @708  6404 (1904)
 - public static final 'GL_BLUE' 'I' @712  6405 (1905)
 - public static final 'GL_ALPHA' 'I' @716  6406 (1906)
 - public static final 'GL_RGB' 'I' @720  6407 (1907)
 - public static final 'GL_RGBA' 'I' @724  6408 (1908)
 - public static final 'GL_POINT' 'I' @728  6912 (1b00)
 - public static final 'GL_LINE' 'I' @732  6913 (1b01)
 - public static final 'GL_FILL' 'I' @736  6914 (1b02)
 - public static final 'GL_KEEP' 'I' @740  7680 (1e00)
 - public static final 'GL_REPLACE' 'I' @744  7681 (1e01)
 - public static final 'GL_INCR' 'I' @748  7682 (1e02)
 - public static final 'GL_DECR' 'I' @752  7683 (1e03)
 - public static final 'GL_VENDOR' 'I' @756  7936 (1f00)
 - public static final 'GL_RENDERER' 'I' @760  7937 (1f01)
 - public static final 'GL_VERSION' 'I' @764  7938 (1f02)
 - public static final 'GL_EXTENSIONS' 'I' @768  7939 (1f03)
 - public static final 'GL_NEAREST' 'I' @772  9728 (2600)
 - public static final 'GL_LINEAR' 'I' @776  9729 (2601)
 - public static final 'GL_NEAREST_MIPMAP_NEAREST' 'I' @780  9984 (2700)
 - public static final 'GL_LINEAR_MIPMAP_NEAREST' 'I' @784  9985 (2701)
 - public static final 'GL_NEAREST_MIPMAP_LINEAR' 'I' @788  9986 (2702)
 - public static final 'GL_LINEAR_MIPMAP_LINEAR' 'I' @792  9987 (2703)
 - public static final 'GL_TEXTURE_MAG_FILTER' 'I' @796  10240 (2800)
 - public static final 'GL_TEXTURE_MIN_FILTER' 'I' @800  10241 (2801)
 - public static final 'GL_TEXTURE_WRAP_S' 'I' @804  10242 (2802)
 - public static final 'GL_TEXTURE_WRAP_T' 'I' @808  10243 (2803)
 - public static final 'GL_REPEAT' 'I' @812  10497 (2901)
 - public static final 'GL_POLYGON_OFFSET_FACTOR' 'I' @816  32824 (8038)
 - public static final 'GL_POLYGON_OFFSET_UNITS' 'I' @820  10752 (2a00)
 - public static final 'GL_POLYGON_OFFSET_POINT' 'I' @824  10753 (2a01)
 - public static final 'GL_POLYGON_OFFSET_LINE' 'I' @828  10754 (2a02)
 - public static final 'GL_POLYGON_OFFSET_FILL' 'I' @832  32823 (8037)
 - public static final 'GL_R3_G3_B2' 'I' @836  10768 (2a10)
 - public static final 'GL_RGB4' 'I' @840  32847 (804f)
 - public static final 'GL_RGB5' 'I' @844  32848 (8050)
 - public static final 'GL_RGB8' 'I' @848  32849 (8051)
 - public static final 'GL_RGB10' 'I' @852  32850 (8052)
 - public static final 'GL_RGB12' 'I' @856  32851 (8053)
 - public static final 'GL_RGB16' 'I' @860  32852 (8054)
 - public static final 'GL_RGBA2' 'I' @864  32853 (8055)
 - public static final 'GL_RGBA4' 'I' @868  32854 (8056)
 - public static final 'GL_RGB5_A1' 'I' @872  32855 (8057)
 - public static final 'GL_RGBA8' 'I' @876  32856 (8058)
 - public static final 'GL_RGB10_A2' 'I' @880  32857 (8059)
 - public static final 'GL_RGBA12' 'I' @884  32858 (805a)
 - public static final 'GL_RGBA16' 'I' @888  32859 (805b)
 - public static final 'GL_TEXTURE_RED_SIZE' 'I' @892  32860 (805c)
 - public static final 'GL_TEXTURE_GREEN_SIZE' 'I' @896  32861 (805d)
 - public static final 'GL_TEXTURE_BLUE_SIZE' 'I' @900  32862 (805e)
 - public static final 'GL_TEXTURE_ALPHA_SIZE' 'I' @904  32863 (805f)
 - public static final 'GL_PROXY_TEXTURE_1D' 'I' @908  32867 (8063)
 - public static final 'GL_PROXY_TEXTURE_2D' 'I' @912  32868 (8064)
 - public static final 'GL_TEXTURE_BINDING_1D' 'I' @916  32872 (8068)
 - public static final 'GL_TEXTURE_BINDING_2D' 'I' @920  32873 (8069)
 - public static final 'GL_VERTEX_ARRAY' 'I' @924  32884 (8074)
R12=0x0 is NULL
R13={method} {0x000002cef5036bc8} 'nglGenTextures' '(IJ)V' in 'org/lwjgl/opengl/GL11C'
R14=0x000000e72fbff320 is pointing into the stack for thread: 0x000002cecb1ad000
R15=0x000002cecb1ad000 is a thread


Registers:
RAX=0x000002ceec8528c0, RBX=0x000002cef5036bc0, RCX=0x0000000000000001, RDX=0x000002ceec85149c
RSP=0x000000e72fbff268, RBP=0x000000e72fbff2f0, RSI=0x000002ceec00a528, RDI=0x0000000000000001
R8 =0x0000000000000001, R9 =0x000002ceec85149c, R10=0x0000000000000000, R11=0x000000008a3e8380
R12=0x0000000000000000, R13=0x000002cef5036bc0, R14=0x000000e72fbff320, R15=0x000002cecb1ad000
RIP=0x00007ffc8341c75d, EFLAGS=0x0000000000010206

Top of Stack: (sp=0x000000e72fbff268)
0x000000e72fbff268:   000002ced511f6d7 0000000000000001
0x000000e72fbff278:   000002ced511f3d2 000002cef5036bc0
0x000000e72fbff288:   000000e72fbff2f0 000002ceec00a528
0x000000e72fbff298:   000002ced5119fd0 000002ced511f376
0x000000e72fbff2a8:   000000e72fbff2a8 000002cef5036bc0
0x000000e72fbff2b8:   000000e72fbff320 000002cef50510f8
0x000000e72fbff2c8:   0000000000000000 000000008a3e8380
0x000000e72fbff2d8:   000002cef5036bc0 0000000000000000
0x000000e72fbff2e8:   000000e72fbff310 000000e72fbff370
0x000000e72fbff2f8:   000002ced511a4c3 000000008a3e8380
0x000000e72fbff308:   000002ced511c698 000002ceec85149c
0x000000e72fbff318:   0000000000000000 0000000000000001
0x000000e72fbff328:   000000e72fbff328 000002cef5036d44
0x000000e72fbff338:   000000e72fbff3a0 000002cef50510f8
0x000000e72fbff348:   0000000000000000 000000008a3e8380
0x000000e72fbff358:   000002cef5036db0 000000e72fbff310 

Instructions: (pc=0x00007ffc8341c75d)
0x00007ffc8341c65d:   cc cc cc 48 8b 01 41 0f b6 c8 48 8b 50 18 48 ff
0x00007ffc8341c66d:   a2 d0 01 00 00 cc cc cc cc cc cc cc cc cc cc cc
0x00007ffc8341c67d:   cc cc cc 48 8b 01 0f 28 cb 0f 28 c2 48 8b 48 18
0x00007ffc8341c68d:   48 ff a1 d8 01 00 00 cc cc cc cc cc cc cc cc cc
0x00007ffc8341c69d:   cc cc cc 48 8b 01 45 8b d8 44 8b 44 24 28 41 8b
0x00007ffc8341c6ad:   d1 41 8b cb 4c 8b 50 18 49 ff a2 e8 01 00 00 cc
0x00007ffc8341c6bd:   cc cc cc 48 8b 01 41 8b c8 48 8b 50 18 48 ff a2
0x00007ffc8341c6cd:   f0 01 00 00 cc cc cc cc cc cc cc cc cc cc cc cc
0x00007ffc8341c6dd:   cc cc cc 40 53 48 8b 01 41 8b d8 44 8b 44 24 30
0x00007ffc8341c6ed:   41 8b d1 4c 8b 4c 24 38 8b cb 4c 8b 50 18 5b 49
0x00007ffc8341c6fd:   ff a2 f8 01 00 00 cc cc cc cc cc cc cc cc cc cc
0x00007ffc8341c70d:   cc cc cc 48 8b 01 48 8b 48 18 48 ff a1 98 02 00
0x00007ffc8341c71d:   00 cc cc 48 8b 01 48 8b 48 18 48 ff a1 a0 02 00
0x00007ffc8341c72d:   00 cc cc 48 8b 01 41 8b c8 48 8b 50 18 48 ff a2
0x00007ffc8341c73d:   c8 02 00 00 cc cc cc cc cc cc cc cc cc cc cc cc
0x00007ffc8341c74d:   cc cc cc 48 8b 01 49 8b d1 41 8b c8 4c 8b 50 18
0x00007ffc8341c75d:   49 ff a2 d8 02 00 00 cc cc cc cc cc cc cc cc cc
0x00007ffc8341c76d:   cc cc cc 48 8b 01 49 8b d1 41 8b c8 4c 8b 50 18
0x00007ffc8341c77d:   49 ff a2 e0 02 00 00 cc cc cc cc cc cc cc cc cc
0x00007ffc8341c78d:   cc cc cc 48 8b 01 49 8b d1 41 8b c8 4c 8b 50 18
0x00007ffc8341c79d:   49 ff a2 f0 02 00 00 cc cc cc cc cc cc cc cc cc
0x00007ffc8341c7ad:   cc cc cc 48 8b 01 49 8b d1 41 8b c8 4c 8b 50 18
0x00007ffc8341c7bd:   49 ff a2 f8 02 00 00 cc cc cc cc cc cc cc cc cc
0x00007ffc8341c7cd:   cc cc cc 48 8b 01 49 8b d1 41 8b c8 4c 8b 50 18
0x00007ffc8341c7dd:   49 ff a2 00 03 00 00 cc cc cc cc cc cc cc cc cc
0x00007ffc8341c7ed:   cc cc cc 48 8b 01 49 8b d1 41 8b c8 4c 8b 50 18
0x00007ffc8341c7fd:   49 ff a2 08 03 00 00 cc cc cc cc cc cc cc cc cc
0x00007ffc8341c80d:   cc cc cc 48 8b 01 48 8b 48 18 48 8b 81 10 03 00
0x00007ffc8341c81d:   00 48 ff e0 cc cc cc cc cc cc cc cc cc cc cc cc
0x00007ffc8341c82d:   cc cc cc 48 8b 01 49 8b d1 41 8b c8 4c 8b 50 18
0x00007ffc8341c83d:   49 ff a2 68 03 00 00 cc cc cc cc cc cc cc cc cc
0x00007ffc8341c84d:   cc cc cc 48 8b 01 48 8b 48 18 48 8b 81 78 03 00 


Stack slot to memory mapping:
stack at sp + 0 slots: 0x000002ced511f6d7 is at code_begin+1047 in an Interpreter codelet
method entry point (kind = native)  [0x000002ced511f2c0, 0x000002ced511fd60]  2720 bytes
stack at sp + 1 slots: 0x0000000000000001 is an unknown value
stack at sp + 2 slots: 0x000002ced511f3d2 is at code_begin+274 in an Interpreter codelet
method entry point (kind = native)  [0x000002ced511f2c0, 0x000002ced511fd60]  2720 bytes
stack at sp + 3 slots: {method} {0x000002cef5036bc8} 'nglGenTextures' '(IJ)V' in 'org/lwjgl/opengl/GL11C'
stack at sp + 4 slots: 0x000000e72fbff2f0 is pointing into the stack for thread: 0x000002cecb1ad000
stack at sp + 5 slots: 0x000002ceec00a528 is pointing into metadata
stack at sp + 6 slots: 0x000002ced5119fd0 is at code_begin+1040 in an Interpreter codelet
invoke return entry points  [0x000002ced5119bc0, 0x000002ced511a5a0]  2528 bytes
stack at sp + 7 slots: 0x000002ced511f376 is at code_begin+182 in an Interpreter codelet
method entry point (kind = native)  [0x000002ced511f2c0, 0x000002ced511fd60]  2720 bytes


---------------  P R O C E S S  ---------------

Threads class SMR info:
_java_thread_list=0x000002ceec8fa4f0, length=11, elements={
0x000002cecb1ad000, 0x000002ceeb7e7800, 0x000002ceeb7ea000, 0x000002ceec173000,
0x000002ceeb809000, 0x000002ceeb80a000, 0x000002ceeb80b000, 0x000002ceeb80c800,
0x000002ceec17c000, 0x000002ceec2f6800, 0x000002ceec8f2800
}

Java Threads: ( => current thread )
=>0x000002cecb1ad000 JavaThread "main" [_thread_in_native, id=4692, stack(0x000000e72fb00000,0x000000e72fc00000)]
  0x000002ceeb7e7800 JavaThread "Reference Handler" daemon [_thread_blocked, id=648, stack(0x000000e730200000,0x000000e730300000)]
  0x000002ceeb7ea000 JavaThread "Finalizer" daemon [_thread_blocked, id=4100, stack(0x000000e730300000,0x000000e730400000)]
  0x000002ceec173000 JavaThread "Signal Dispatcher" daemon [_thread_blocked, id=10368, stack(0x000000e730500000,0x000000e730600000)]
  0x000002ceeb809000 JavaThread "Attach Listener" daemon [_thread_blocked, id=15680, stack(0x000000e730600000,0x000000e730700000)]
  0x000002ceeb80a000 JavaThread "Service Thread" daemon [_thread_blocked, id=14356, stack(0x000000e730700000,0x000000e730800000)]
  0x000002ceeb80b000 JavaThread "C2 CompilerThread0" daemon [_thread_blocked, id=7600, stack(0x000000e730800000,0x000000e730900000)]
  0x000002ceeb80c800 JavaThread "C1 CompilerThread0" daemon [_thread_blocked, id=16924, stack(0x000000e730900000,0x000000e730a00000)]
  0x000002ceec17c000 JavaThread "Sweeper thread" daemon [_thread_blocked, id=3916, stack(0x000000e730a00000,0x000000e730b00000)]
  0x000002ceec2f6800 JavaThread "Common-Cleaner" daemon [_thread_blocked, id=16996, stack(0x000000e730c00000,0x000000e730d00000)]
  0x000002ceec8f2800 JavaThread "Java2D Disposer" daemon [_thread_blocked, id=17364, stack(0x000000e730d00000,0x000000e730e00000)]

Other Threads:
  0x000002ceeb7c5800 VMThread "VM Thread" [stack: 0x000000e730100000,0x000000e730200000] [id=2604]
  0x000002ceec2f4800 WatcherThread [stack: 0x000000e730b00000,0x000000e730c00000] [id=5440]
  0x000002cecb1c5800 GCTaskThread "GC Thread#0" [stack: 0x000000e72fc00000,0x000000e72fd00000] [id=10600]
  0x000002cecb1f4800 ConcurrentGCThread "G1 Main Marker" [stack: 0x000000e72fd00000,0x000000e72fe00000] [id=14136]
  0x000002cecb1f7800 ConcurrentGCThread "G1 Conc#0" [stack: 0x000000e72fe00000,0x000000e72ff00000] [id=13812]
  0x000002cecb279800 ConcurrentGCThread "G1 Refine#0" [stack: 0x000000e72ff00000,0x000000e730000000] [id=14464]
  0x000002cecb27c000 ConcurrentGCThread "G1 Young RemSet Sampling" [stack: 0x000000e730000000,0x000000e730100000] [id=13872]

Threads with active compile tasks:

VM state:not at safepoint (normal execution)

VM Mutex/Monitor currently owned by a thread: None

Heap address: 0x0000000083200000, size: 1998 MB, Compressed Oops mode: 32-bit
Narrow klass base: 0x0000000000000000, Narrow klass shift: 3
Compressed class space size: 1073741824 Address: 0x0000000100000000

Heap:
 garbage-first heap   total 129024K, used 11264K [0x0000000083200000, 0x0000000100000000)
  region size 1024K, 13 young (13312K), 0 survivors (0K)
 Metaspace       used 12244K, capacity 12550K, committed 12800K, reserved 1060864K
  class space    used 1047K, capacity 1153K, committed 1280K, reserved 1048576K
Heap Regions: E=young(eden), S=young(survivor), O=old, HS=humongous(starts), HC=humongous(continues), CS=collection set, F=free, A=archive, TAMS=top-at-mark-start (previous, next)
|   0|0x0000000083200000, 0x0000000083200000, 0x0000000083300000|  0%| F|  |TAMS 0x0000000083200000, 0x0000000083200000| Untracked 
|   1|0x0000000083300000, 0x0000000083300000, 0x0000000083400000|  0%| F|  |TAMS 0x0000000083300000, 0x0000000083300000| Untracked 
|   2|0x0000000083400000, 0x0000000083400000, 0x0000000083500000|  0%| F|  |TAMS 0x0000000083400000, 0x0000000083400000| Untracked 
|   3|0x0000000083500000, 0x0000000083500000, 0x0000000083600000|  0%| F|  |TAMS 0x0000000083500000, 0x0000000083500000| Untracked 
|   4|0x0000000083600000, 0x0000000083600000, 0x0000000083700000|  0%| F|  |TAMS 0x0000000083600000, 0x0000000083600000| Untracked 
|   5|0x0000000083700000, 0x0000000083700000, 0x0000000083800000|  0%| F|  |TAMS 0x0000000083700000, 0x0000000083700000| Untracked 
|   6|0x0000000083800000, 0x0000000083800000, 0x0000000083900000|  0%| F|  |TAMS 0x0000000083800000, 0x0000000083800000| Untracked 
|   7|0x0000000083900000, 0x0000000083900000, 0x0000000083a00000|  0%| F|  |TAMS 0x0000000083900000, 0x0000000083900000| Untracked 
|   8|0x0000000083a00000, 0x0000000083a00000, 0x0000000083b00000|  0%| F|  |TAMS 0x0000000083a00000, 0x0000000083a00000| Untracked 
|   9|0x0000000083b00000, 0x0000000083b00000, 0x0000000083c00000|  0%| F|  |TAMS 0x0000000083b00000, 0x0000000083b00000| Untracked 
|  10|0x0000000083c00000, 0x0000000083c00000, 0x0000000083d00000|  0%| F|  |TAMS 0x0000000083c00000, 0x0000000083c00000| Untracked 
|  11|0x0000000083d00000, 0x0000000083d00000, 0x0000000083e00000|  0%| F|  |TAMS 0x0000000083d00000, 0x0000000083d00000| Untracked 
|  12|0x0000000083e00000, 0x0000000083e00000, 0x0000000083f00000|  0%| F|  |TAMS 0x0000000083e00000, 0x0000000083e00000| Untracked 
|  13|0x0000000083f00000, 0x0000000083f00000, 0x0000000084000000|  0%| F|  |TAMS 0x0000000083f00000, 0x0000000083f00000| Untracked 
|  14|0x0000000084000000, 0x0000000084000000, 0x0000000084100000|  0%| F|  |TAMS 0x0000000084000000, 0x0000000084000000| Untracked 
|  15|0x0000000084100000, 0x0000000084100000, 0x0000000084200000|  0%| F|  |TAMS 0x0000000084100000, 0x0000000084100000| Untracked 
|  16|0x0000000084200000, 0x0000000084200000, 0x0000000084300000|  0%| F|  |TAMS 0x0000000084200000, 0x0000000084200000| Untracked 
|  17|0x0000000084300000, 0x0000000084300000, 0x0000000084400000|  0%| F|  |TAMS 0x0000000084300000, 0x0000000084300000| Untracked 
|  18|0x0000000084400000, 0x0000000084400000, 0x0000000084500000|  0%| F|  |TAMS 0x0000000084400000, 0x0000000084400000| Untracked 
|  19|0x0000000084500000, 0x0000000084500000, 0x0000000084600000|  0%| F|  |TAMS 0x0000000084500000, 0x0000000084500000| Untracked 
|  20|0x0000000084600000, 0x0000000084600000, 0x0000000084700000|  0%| F|  |TAMS 0x0000000084600000, 0x0000000084600000| Untracked 
|  21|0x0000000084700000, 0x0000000084700000, 0x0000000084800000|  0%| F|  |TAMS 0x0000000084700000, 0x0000000084700000| Untracked 
|  22|0x0000000084800000, 0x0000000084800000, 0x0000000084900000|  0%| F|  |TAMS 0x0000000084800000, 0x0000000084800000| Untracked 
|  23|0x0000000084900000, 0x0000000084900000, 0x0000000084a00000|  0%| F|  |TAMS 0x0000000084900000, 0x0000000084900000| Untracked 
|  24|0x0000000084a00000, 0x0000000084a00000, 0x0000000084b00000|  0%| F|  |TAMS 0x0000000084a00000, 0x0000000084a00000| Untracked 
|  25|0x0000000084b00000, 0x0000000084b00000, 0x0000000084c00000|  0%| F|  |TAMS 0x0000000084b00000, 0x0000000084b00000| Untracked 
|  26|0x0000000084c00000, 0x0000000084c00000, 0x0000000084d00000|  0%| F|  |TAMS 0x0000000084c00000, 0x0000000084c00000| Untracked 
|  27|0x0000000084d00000, 0x0000000084d00000, 0x0000000084e00000|  0%| F|  |TAMS 0x0000000084d00000, 0x0000000084d00000| Untracked 
|  28|0x0000000084e00000, 0x0000000084e00000, 0x0000000084f00000|  0%| F|  |TAMS 0x0000000084e00000, 0x0000000084e00000| Untracked 
|  29|0x0000000084f00000, 0x0000000084f00000, 0x0000000085000000|  0%| F|  |TAMS 0x0000000084f00000, 0x0000000084f00000| Untracked 
|  30|0x0000000085000000, 0x0000000085000000, 0x0000000085100000|  0%| F|  |TAMS 0x0000000085000000, 0x0000000085000000| Untracked 
|  31|0x0000000085100000, 0x0000000085100000, 0x0000000085200000|  0%| F|  |TAMS 0x0000000085100000, 0x0000000085100000| Untracked 
|  32|0x0000000085200000, 0x0000000085200000, 0x0000000085300000|  0%| F|  |TAMS 0x0000000085200000, 0x0000000085200000| Untracked 
|  33|0x0000000085300000, 0x0000000085300000, 0x0000000085400000|  0%| F|  |TAMS 0x0000000085300000, 0x0000000085300000| Untracked 
|  34|0x0000000085400000, 0x0000000085400000, 0x0000000085500000|  0%| F|  |TAMS 0x0000000085400000, 0x0000000085400000| Untracked 
|  35|0x0000000085500000, 0x0000000085500000, 0x0000000085600000|  0%| F|  |TAMS 0x0000000085500000, 0x0000000085500000| Untracked 
|  36|0x0000000085600000, 0x0000000085600000, 0x0000000085700000|  0%| F|  |TAMS 0x0000000085600000, 0x0000000085600000| Untracked 
|  37|0x0000000085700000, 0x0000000085700000, 0x0000000085800000|  0%| F|  |TAMS 0x0000000085700000, 0x0000000085700000| Untracked 
|  38|0x0000000085800000, 0x0000000085800000, 0x0000000085900000|  0%| F|  |TAMS 0x0000000085800000, 0x0000000085800000| Untracked 
|  39|0x0000000085900000, 0x0000000085900000, 0x0000000085a00000|  0%| F|  |TAMS 0x0000000085900000, 0x0000000085900000| Untracked 
|  40|0x0000000085a00000, 0x0000000085a00000, 0x0000000085b00000|  0%| F|  |TAMS 0x0000000085a00000, 0x0000000085a00000| Untracked 
|  41|0x0000000085b00000, 0x0000000085b00000, 0x0000000085c00000|  0%| F|  |TAMS 0x0000000085b00000, 0x0000000085b00000| Untracked 
|  42|0x0000000085c00000, 0x0000000085c00000, 0x0000000085d00000|  0%| F|  |TAMS 0x0000000085c00000, 0x0000000085c00000| Untracked 
|  43|0x0000000085d00000, 0x0000000085d00000, 0x0000000085e00000|  0%| F|  |TAMS 0x0000000085d00000, 0x0000000085d00000| Untracked 
|  44|0x0000000085e00000, 0x0000000085e00000, 0x0000000085f00000|  0%| F|  |TAMS 0x0000000085e00000, 0x0000000085e00000| Untracked 
|  45|0x0000000085f00000, 0x0000000085f00000, 0x0000000086000000|  0%| F|  |TAMS 0x0000000085f00000, 0x0000000085f00000| Untracked 
|  46|0x0000000086000000, 0x0000000086000000, 0x0000000086100000|  0%| F|  |TAMS 0x0000000086000000, 0x0000000086000000| Untracked 
|  47|0x0000000086100000, 0x0000000086100000, 0x0000000086200000|  0%| F|  |TAMS 0x0000000086100000, 0x0000000086100000| Untracked 
|  48|0x0000000086200000, 0x0000000086200000, 0x0000000086300000|  0%| F|  |TAMS 0x0000000086200000, 0x0000000086200000| Untracked 
|  49|0x0000000086300000, 0x0000000086300000, 0x0000000086400000|  0%| F|  |TAMS 0x0000000086300000, 0x0000000086300000| Untracked 
|  50|0x0000000086400000, 0x0000000086400000, 0x0000000086500000|  0%| F|  |TAMS 0x0000000086400000, 0x0000000086400000| Untracked 
|  51|0x0000000086500000, 0x0000000086500000, 0x0000000086600000|  0%| F|  |TAMS 0x0000000086500000, 0x0000000086500000| Untracked 
|  52|0x0000000086600000, 0x0000000086600000, 0x0000000086700000|  0%| F|  |TAMS 0x0000000086600000, 0x0000000086600000| Untracked 
|  53|0x0000000086700000, 0x0000000086700000, 0x0000000086800000|  0%| F|  |TAMS 0x0000000086700000, 0x0000000086700000| Untracked 
|  54|0x0000000086800000, 0x0000000086800000, 0x0000000086900000|  0%| F|  |TAMS 0x0000000086800000, 0x0000000086800000| Untracked 
|  55|0x0000000086900000, 0x0000000086900000, 0x0000000086a00000|  0%| F|  |TAMS 0x0000000086900000, 0x0000000086900000| Untracked 
|  56|0x0000000086a00000, 0x0000000086a00000, 0x0000000086b00000|  0%| F|  |TAMS 0x0000000086a00000, 0x0000000086a00000| Untracked 
|  57|0x0000000086b00000, 0x0000000086b00000, 0x0000000086c00000|  0%| F|  |TAMS 0x0000000086b00000, 0x0000000086b00000| Untracked 
|  58|0x0000000086c00000, 0x0000000086c00000, 0x0000000086d00000|  0%| F|  |TAMS 0x0000000086c00000, 0x0000000086c00000| Untracked 
|  59|0x0000000086d00000, 0x0000000086d00000, 0x0000000086e00000|  0%| F|  |TAMS 0x0000000086d00000, 0x0000000086d00000| Untracked 
|  60|0x0000000086e00000, 0x0000000086e00000, 0x0000000086f00000|  0%| F|  |TAMS 0x0000000086e00000, 0x0000000086e00000| Untracked 
|  61|0x0000000086f00000, 0x0000000086f00000, 0x0000000087000000|  0%| F|  |TAMS 0x0000000086f00000, 0x0000000086f00000| Untracked 
|  62|0x0000000087000000, 0x0000000087000000, 0x0000000087100000|  0%| F|  |TAMS 0x0000000087000000, 0x0000000087000000| Untracked 
|  63|0x0000000087100000, 0x0000000087100000, 0x0000000087200000|  0%| F|  |TAMS 0x0000000087100000, 0x0000000087100000| Untracked 
|  64|0x0000000087200000, 0x0000000087200000, 0x0000000087300000|  0%| F|  |TAMS 0x0000000087200000, 0x0000000087200000| Untracked 
|  65|0x0000000087300000, 0x0000000087300000, 0x0000000087400000|  0%| F|  |TAMS 0x0000000087300000, 0x0000000087300000| Untracked 
|  66|0x0000000087400000, 0x0000000087400000, 0x0000000087500000|  0%| F|  |TAMS 0x0000000087400000, 0x0000000087400000| Untracked 
|  67|0x0000000087500000, 0x0000000087500000, 0x0000000087600000|  0%| F|  |TAMS 0x0000000087500000, 0x0000000087500000| Untracked 
|  68|0x0000000087600000, 0x0000000087600000, 0x0000000087700000|  0%| F|  |TAMS 0x0000000087600000, 0x0000000087600000| Untracked 
|  69|0x0000000087700000, 0x0000000087700000, 0x0000000087800000|  0%| F|  |TAMS 0x0000000087700000, 0x0000000087700000| Untracked 
|  70|0x0000000087800000, 0x0000000087800000, 0x0000000087900000|  0%| F|  |TAMS 0x0000000087800000, 0x0000000087800000| Untracked 
|  71|0x0000000087900000, 0x0000000087900000, 0x0000000087a00000|  0%| F|  |TAMS 0x0000000087900000, 0x0000000087900000| Untracked 
|  72|0x0000000087a00000, 0x0000000087a00000, 0x0000000087b00000|  0%| F|  |TAMS 0x0000000087a00000, 0x0000000087a00000| Untracked 
|  73|0x0000000087b00000, 0x0000000087b00000, 0x0000000087c00000|  0%| F|  |TAMS 0x0000000087b00000, 0x0000000087b00000| Untracked 
|  74|0x0000000087c00000, 0x0000000087c00000, 0x0000000087d00000|  0%| F|  |TAMS 0x0000000087c00000, 0x0000000087c00000| Untracked 
|  75|0x0000000087d00000, 0x0000000087d00000, 0x0000000087e00000|  0%| F|  |TAMS 0x0000000087d00000, 0x0000000087d00000| Untracked 
|  76|0x0000000087e00000, 0x0000000087e00000, 0x0000000087f00000|  0%| F|  |TAMS 0x0000000087e00000, 0x0000000087e00000| Untracked 
|  77|0x0000000087f00000, 0x0000000087f00000, 0x0000000088000000|  0%| F|  |TAMS 0x0000000087f00000, 0x0000000087f00000| Untracked 
|  78|0x0000000088000000, 0x0000000088000000, 0x0000000088100000|  0%| F|  |TAMS 0x0000000088000000, 0x0000000088000000| Untracked 
|  79|0x0000000088100000, 0x0000000088100000, 0x0000000088200000|  0%| F|  |TAMS 0x0000000088100000, 0x0000000088100000| Untracked 
|  80|0x0000000088200000, 0x0000000088200000, 0x0000000088300000|  0%| F|  |TAMS 0x0000000088200000, 0x0000000088200000| Untracked 
|  81|0x0000000088300000, 0x0000000088300000, 0x0000000088400000|  0%| F|  |TAMS 0x0000000088300000, 0x0000000088300000| Untracked 
|  82|0x0000000088400000, 0x0000000088400000, 0x0000000088500000|  0%| F|  |TAMS 0x0000000088400000, 0x0000000088400000| Untracked 
|  83|0x0000000088500000, 0x0000000088500000, 0x0000000088600000|  0%| F|  |TAMS 0x0000000088500000, 0x0000000088500000| Untracked 
|  84|0x0000000088600000, 0x0000000088600000, 0x0000000088700000|  0%| F|  |TAMS 0x0000000088600000, 0x0000000088600000| Untracked 
|  85|0x0000000088700000, 0x0000000088700000, 0x0000000088800000|  0%| F|  |TAMS 0x0000000088700000, 0x0000000088700000| Untracked 
|  86|0x0000000088800000, 0x0000000088800000, 0x0000000088900000|  0%| F|  |TAMS 0x0000000088800000, 0x0000000088800000| Untracked 
|  87|0x0000000088900000, 0x0000000088900000, 0x0000000088a00000|  0%| F|  |TAMS 0x0000000088900000, 0x0000000088900000| Untracked 
|  88|0x0000000088a00000, 0x0000000088a00000, 0x0000000088b00000|  0%| F|  |TAMS 0x0000000088a00000, 0x0000000088a00000| Untracked 
|  89|0x0000000088b00000, 0x0000000088b00000, 0x0000000088c00000|  0%| F|  |TAMS 0x0000000088b00000, 0x0000000088b00000| Untracked 
|  90|0x0000000088c00000, 0x0000000088c00000, 0x0000000088d00000|  0%| F|  |TAMS 0x0000000088c00000, 0x0000000088c00000| Untracked 
|  91|0x0000000088d00000, 0x0000000088d00000, 0x0000000088e00000|  0%| F|  |TAMS 0x0000000088d00000, 0x0000000088d00000| Untracked 
|  92|0x0000000088e00000, 0x0000000088e00000, 0x0000000088f00000|  0%| F|  |TAMS 0x0000000088e00000, 0x0000000088e00000| Untracked 
|  93|0x0000000088f00000, 0x0000000088f00000, 0x0000000089000000|  0%| F|  |TAMS 0x0000000088f00000, 0x0000000088f00000| Untracked 
|  94|0x0000000089000000, 0x0000000089000000, 0x0000000089100000|  0%| F|  |TAMS 0x0000000089000000, 0x0000000089000000| Untracked 
|  95|0x0000000089100000, 0x0000000089100000, 0x0000000089200000|  0%| F|  |TAMS 0x0000000089100000, 0x0000000089100000| Untracked 
|  96|0x0000000089200000, 0x0000000089200000, 0x0000000089300000|  0%| F|  |TAMS 0x0000000089200000, 0x0000000089200000| Untracked 
|  97|0x0000000089300000, 0x0000000089300000, 0x0000000089400000|  0%| F|  |TAMS 0x0000000089300000, 0x0000000089300000| Untracked 
|  98|0x0000000089400000, 0x0000000089400000, 0x0000000089500000|  0%| F|  |TAMS 0x0000000089400000, 0x0000000089400000| Untracked 
|  99|0x0000000089500000, 0x0000000089500000, 0x0000000089600000|  0%| F|  |TAMS 0x0000000089500000, 0x0000000089500000| Untracked 
| 100|0x0000000089600000, 0x0000000089600000, 0x0000000089700000|  0%| F|  |TAMS 0x0000000089600000, 0x0000000089600000| Untracked 
| 101|0x0000000089700000, 0x0000000089700000, 0x0000000089800000|  0%| F|  |TAMS 0x0000000089700000, 0x0000000089700000| Untracked 
| 102|0x0000000089800000, 0x0000000089800000, 0x0000000089900000|  0%| F|  |TAMS 0x0000000089800000, 0x0000000089800000| Untracked 
| 103|0x0000000089900000, 0x0000000089900000, 0x0000000089a00000|  0%| F|  |TAMS 0x0000000089900000, 0x0000000089900000| Untracked 
| 104|0x0000000089a00000, 0x0000000089a00000, 0x0000000089b00000|  0%| F|  |TAMS 0x0000000089a00000, 0x0000000089a00000| Untracked 
| 105|0x0000000089b00000, 0x0000000089b00000, 0x0000000089c00000|  0%| F|  |TAMS 0x0000000089b00000, 0x0000000089b00000| Untracked 
| 106|0x0000000089c00000, 0x0000000089c00000, 0x0000000089d00000|  0%| F|  |TAMS 0x0000000089c00000, 0x0000000089c00000| Untracked 
| 107|0x0000000089d00000, 0x0000000089d00000, 0x0000000089e00000|  0%| F|  |TAMS 0x0000000089d00000, 0x0000000089d00000| Untracked 
| 108|0x0000000089e00000, 0x0000000089e00000, 0x0000000089f00000|  0%| F|  |TAMS 0x0000000089e00000, 0x0000000089e00000| Untracked 
| 109|0x0000000089f00000, 0x0000000089f00000, 0x000000008a000000|  0%| F|  |TAMS 0x0000000089f00000, 0x0000000089f00000| Untracked 
| 110|0x000000008a000000, 0x000000008a000000, 0x000000008a100000|  0%| F|  |TAMS 0x000000008a000000, 0x000000008a000000| Untracked 
| 111|0x000000008a100000, 0x000000008a100000, 0x000000008a200000|  0%| F|  |TAMS 0x000000008a100000, 0x000000008a100000| Untracked 
| 112|0x000000008a200000, 0x000000008a200000, 0x000000008a300000|  0%| F|  |TAMS 0x000000008a200000, 0x000000008a200000| Untracked 
| 113|0x000000008a300000, 0x000000008a400000, 0x000000008a400000|100%| E|  |TAMS 0x000000008a300000, 0x000000008a300000| Complete 
| 114|0x000000008a400000, 0x000000008a500000, 0x000000008a500000|100%| E|  |TAMS 0x000000008a400000, 0x000000008a400000| Complete 
| 115|0x000000008a500000, 0x000000008a600000, 0x000000008a600000|100%| E|CS|TAMS 0x000000008a500000, 0x000000008a500000| Complete 
| 116|0x000000008a600000, 0x000000008a700000, 0x000000008a700000|100%| E|CS|TAMS 0x000000008a600000, 0x000000008a600000| Complete 
| 117|0x000000008a700000, 0x000000008a800000, 0x000000008a800000|100%| E|CS|TAMS 0x000000008a700000, 0x000000008a700000| Complete 
| 118|0x000000008a800000, 0x000000008a900000, 0x000000008a900000|100%| E|CS|TAMS 0x000000008a800000, 0x000000008a800000| Complete 
| 119|0x000000008a900000, 0x000000008aa00000, 0x000000008aa00000|100%| E|CS|TAMS 0x000000008a900000, 0x000000008a900000| Complete 
| 120|0x000000008aa00000, 0x000000008ab00000, 0x000000008ab00000|100%| E|CS|TAMS 0x000000008aa00000, 0x000000008aa00000| Complete 
| 121|0x000000008ab00000, 0x000000008ac00000, 0x000000008ac00000|100%| E|CS|TAMS 0x000000008ab00000, 0x000000008ab00000| Complete 
| 122|0x000000008ac00000, 0x000000008ad00000, 0x000000008ad00000|100%| E|CS|TAMS 0x000000008ac00000, 0x000000008ac00000| Complete 
| 123|0x000000008ad00000, 0x000000008ae00000, 0x000000008ae00000|100%| E|CS|TAMS 0x000000008ad00000, 0x000000008ad00000| Complete 
| 124|0x000000008ae00000, 0x000000008af00000, 0x000000008af00000|100%| E|CS|TAMS 0x000000008ae00000, 0x000000008ae00000| Complete 
| 125|0x000000008af00000, 0x000000008b000000, 0x000000008b000000|100%| E|CS|TAMS 0x000000008af00000, 0x000000008af00000| Complete 

Card table byte_map: [0x000002cee4b20000,0x000002cee4f10000] _byte_map_base: 0x000002cee4707000

Marking Bits (Prev, Next): (CMBitMap*) 0x000002cecb1ebca8, (CMBitMap*) 0x000002cecb1ebce0
 Prev Bits: [0x000002cee5300000, 0x000002cee7238000)
 Next Bits: [0x000002cee7240000, 0x000002cee9178000)

Polling page: 0x000002cecb280000

Metaspace:

Usage:
  Non-class:     11.13 MB capacity,    10.93 MB ( 98%) used,   178.12 KB (  2%) free+waste,    21.94 KB ( <1%) overhead. 
      Class:      1.13 MB capacity,     1.02 MB ( 91%) used,    94.41 KB (  8%) free+waste,    10.75 KB ( <1%) overhead. 
       Both:     12.26 MB capacity,    11.96 MB ( 98%) used,   272.53 KB (  2%) free+waste,    32.69 KB ( <1%) overhead. 

Virtual space:
  Non-class space:       12.00 MB reserved,      11.25 MB ( 94%) committed 
      Class space:        1.00 GB reserved,       1.25 MB ( <1%) committed 
             Both:        1.01 GB reserved,      12.50 MB (  1%) committed 

Chunk freelists:
   Non-Class:  59.00 KB
       Class:  0 bytes
        Both:  59.00 KB

MaxMetaspaceSize: 17179869184.00 GB
CompressedClassSpaceSize: 1.00 GB
Initial GC threshold: 20.80 MB
Current GC threshold: 20.80 MB
CDS: off

CodeHeap 'non-profiled nmethods': size=120064Kb used=313Kb max_used=313Kb free=119750Kb
 bounds [0x000002cedcbd0000, 0x000002cedce40000, 0x000002cee4110000]
CodeHeap 'profiled nmethods': size=120000Kb used=1684Kb max_used=1684Kb free=118315Kb
 bounds [0x000002ced56a0000, 0x000002ced5910000, 0x000002cedcbd0000]
CodeHeap 'non-nmethods': size=5696Kb used=1626Kb max_used=1640Kb free=4069Kb
 bounds [0x000002ced5110000, 0x000002ced5380000, 0x000002ced56a0000]
 total_blobs=2045 nmethods=1019 adapters=939
 compilation: enabled
              stopped_count=0, restarted_count=0
 full_count=0

Compilation events (20 events):
Event: 0.913 Thread 0x000002ceeb80c800 1007       3       java.util.regex.Pattern$Node::match (27 bytes)
Event: 0.913 Thread 0x000002ceeb80c800 nmethod 1007 0x000002ced5840210 code [0x000002ced58403c0, 0x000002ced5840518]
Event: 0.913 Thread 0x000002ceeb80c800 1009       3       jdk.internal.ref.PhantomCleanable::<init> (49 bytes)
Event: 0.914 Thread 0x000002ceeb80b000 nmethod 1008 0x000002cedcc1cd90 code [0x000002cedcc1cf20, 0x000002cedcc1cff8]
Event: 0.914 Thread 0x000002ceeb80c800 nmethod 1009 0x000002ced5840610 code [0x000002ced5840880, 0x000002ced5841358]
Event: 0.914 Thread 0x000002ceeb80c800 1010   !   3       jdk.internal.ref.PhantomCleanable::insert (53 bytes)
Event: 0.914 Thread 0x000002ceeb80c800 nmethod 1010 0x000002ced5841690 code [0x000002ced5841860, 0x000002ced5841c98]
Event: 0.914 Thread 0x000002ceeb80c800 1011       3       jdk.internal.ref.CleanerFactory::cleaner (4 bytes)
Event: 0.914 Thread 0x000002ceeb80c800 nmethod 1011 0x000002ced5841e10 code [0x000002ced5841fc0, 0x000002ced58420b8]
Event: 0.915 Thread 0x000002ceeb80c800 1012       3       sun.net.util.IPAddressUtil::checkHostString (53 bytes)
Event: 0.915 Thread 0x000002ceeb80b000 1014       4       java.lang.AbstractStringBuilder::append (45 bytes)
Event: 0.915 Thread 0x000002ceeb80c800 nmethod 1012 0x000002ced5842110 code [0x000002ced58423e0, 0x000002ced58430e8]
Event: 0.915 Thread 0x000002ceeb80c800 1013       3       sun.net.util.IPAddressUtil::scan (92 bytes)
Event: 0.916 Thread 0x000002ceeb80c800 nmethod 1013 0x000002ced5843590 code [0x000002ced5843800, 0x000002ced58442f8]
Event: 0.916 Thread 0x000002ceeb80c800 1018       3       org.lwjgl.system.MemoryUtil::memPutAddress (29 bytes)
Event: 0.916 Thread 0x000002ceeb80c800 nmethod 1018 0x000002ced5844890 code [0x000002ced5844a40, 0x000002ced5844c38]
Event: 0.916 Thread 0x000002ceeb80c800 1017       3       sun.misc.Unsafe::putLong (11 bytes)
Event: 0.916 Thread 0x000002ceeb80c800 nmethod 1017 0x000002ced5844d10 code [0x000002ced5844ec0, 0x000002ced5844fb8]
Event: 0.916 Thread 0x000002ceeb80c800 1015       1       java.lang.NamedPackage::module (5 bytes)
Event: 0.916 Thread 0x000002ceeb80c800 nmethod 1015 0x000002cedcc1d510 code [0x000002cedcc1d6c0, 0x000002cedcc1d778]

GC Heap History (0 events):
No events

Deoptimization events (20 events):
Event: 0.302 Thread 0x000002cecb1ad000 Uncommon trap: trap_request=0xffffff4d fr.pc=0x000002cedcbe3fe4 relative=0x0000000000000044
Event: 0.302 Thread 0x000002cecb1ad000 Uncommon trap: reason=unstable_if action=reinterpret pc=0x000002cedcbe3fe4 method=java.lang.CharacterData.of(I)Ljava/lang/CharacterData; @ 4 c2
Event: 0.302 Thread 0x000002cecb1ad000 DEOPT PACKING pc=0x000002cedcbe3fe4 sp=0x000000e72fbfbdf0
Event: 0.302 Thread 0x000002cecb1ad000 DEOPT UNPACKING pc=0x000002ced51185af sp=0x000000e72fbfbd88 mode 2
Event: 0.316 Thread 0x000002cecb1ad000 Uncommon trap: trap_request=0xffffffde fr.pc=0x000002cedcbe0308 relative=0x00000000000000c8
Event: 0.316 Thread 0x000002cecb1ad000 Uncommon trap: reason=class_check action=maybe_recompile pc=0x000002cedcbe0308 method=java.lang.Character.codePointAt(Ljava/lang/CharSequence;I)I @ 2 c2
Event: 0.316 Thread 0x000002cecb1ad000 DEOPT PACKING pc=0x000002cedcbe0308 sp=0x000000e72fbfbaf0
Event: 0.316 Thread 0x000002cecb1ad000 DEOPT UNPACKING pc=0x000002ced51185af sp=0x000000e72fbfba88 mode 2
Event: 0.338 Thread 0x000002cecb1ad000 DEOPT PACKING pc=0x000002ced5740322 sp=0x000000e72fbfc040
Event: 0.338 Thread 0x000002cecb1ad000 DEOPT UNPACKING pc=0x000002ced5159d0e sp=0x000000e72fbfb4a8 mode 0
Event: 0.607 Thread 0x000002cecb1ad000 Uncommon trap: trap_request=0xffffff4d fr.pc=0x000002cedcbeecb0 relative=0x0000000000000110
Event: 0.607 Thread 0x000002cecb1ad000 Uncommon trap: reason=unstable_if action=reinterpret pc=0x000002cedcbeecb0 method=java.lang.StringCoding.hasNegatives([BII)Z @ 12 c2
Event: 0.607 Thread 0x000002cecb1ad000 DEOPT PACKING pc=0x000002cedcbeecb0 sp=0x000000e72fbf7e10
Event: 0.607 Thread 0x000002cecb1ad000 DEOPT UNPACKING pc=0x000002ced51185af sp=0x000000e72fbf7db8 mode 2
Event: 0.813 Thread 0x000002cecb1ad000 DEOPT PACKING pc=0x000002ced5800e50 sp=0x000000e72fbfc2f0
Event: 0.813 Thread 0x000002cecb1ad000 DEOPT UNPACKING pc=0x000002ced5159d0e sp=0x000000e72fbfb790 mode 0
Event: 0.818 Thread 0x000002cecb1ad000 DEOPT PACKING pc=0x000002ced5800e50 sp=0x000000e72fbfc230
Event: 0.818 Thread 0x000002cecb1ad000 DEOPT UNPACKING pc=0x000002ced5159d0e sp=0x000000e72fbfb6b8 mode 0
Event: 0.873 Thread 0x000002cecb1ad000 DEOPT PACKING pc=0x000002ced5800e50 sp=0x000000e72fbfd6c0
Event: 0.873 Thread 0x000002cecb1ad000 DEOPT UNPACKING pc=0x000002ced5159d0e sp=0x000000e72fbfcb48 mode 0

Classes redefined (0 events):
No events

Internal exceptions (20 events):
Event: 0.330 Thread 0x000002cecb1ad000 Exception <a 'java/lang/NoSuchMethodError'{0x000000008a82ae80}: 'java.lang.Object java.lang.invoke.Invokers$Holder.linkToTargetMethod(java.lang.Object, long, java.lang.Object)'> (0x000000008a82ae80) thrown at [./src/hotspot/share/interpreter/linkResolver.cpp, line 773]
Event: 0.331 Thread 0x000002cecb1ad000 Exception <a 'java/lang/NoSuchMethodError'{0x000000008a8311b8}: 'int java.lang.invoke.DirectMethodHandle$Holder.invokeStaticInit(java.lang.Object, java.lang.Object, java.lang.Object, long)'> (0x000000008a8311b8) thrown at [./src/hotspot/share/interpreter/linkResolver.cpp, line 773]
Event: 0.385 Thread 0x000002cecb1ad000 Exception <a 'sun/nio/fs/WindowsException'{0x000000008a717338}> (0x000000008a717338) thrown at [./src/hotspot/share/prims/jni.cpp, line 617]
Event: 0.385 Thread 0x000002cecb1ad000 Exception <a 'sun/nio/fs/WindowsException'{0x000000008a717910}> (0x000000008a717910) thrown at [./src/hotspot/share/prims/jni.cpp, line 617]
Event: 0.574 Thread 0x000002cecb1ad000 Exception <a 'java/lang/ClassNotFoundException'{0x000000008a7b06d0}: sun/awt/resources/spi/awtProvider> (0x000000008a7b06d0) thrown at [./src/hotspot/share/classfile/systemDictionary.cpp, line 230]
Event: 0.607 Thread 0x000002cecb1ad000 Exception <a 'java/io/FileNotFoundException'{0x000000008a636a38}> (0x000000008a636a38) thrown at [./src/hotspot/share/prims/jni.cpp, line 617]
Event: 0.617 Thread 0x000002cecb1ad000 Exception <a 'java/lang/NoSuchMethodError'{0x000000008a6926c0}: 'java.lang.Object java.lang.invoke.DirectMethodHandle$Holder.invokeStatic(java.lang.Object, java.lang.Object, java.lang.Object, java.lang.Object, java.lang.Object, java.lang.Object, java.lang.Object, java.lang.Object, java.lang.Object, java.lang.Object, java.lang.Object, java.lang.Object, java.lang.Object, java.lang.Object, java.lang.Object)'> (0x000000008a6926c0) thrown at [./src/hotspot/share/interpreter/linkResolver.cpp, line 773]
Event: 0.619 Thread 0x000002cecb1ad000 Exception <a 'java/lang/NoSuchMethodError'{0x000000008a6a0270}: 'java.lang.Object java.lang.invoke.DirectMethodHandle$Holder.invokeStatic(java.lang.Object, java.lang.Object, java.lang.Object, java.lang.Object, java.lang.Object, java.lang.Object, java.lang.Object, java.lang.Object, java.lang.Object, java.lang.Object, java.lang.Object, java.lang.Object, java.lang.Object, java.lang.Object, java.lang.Object, java.lang.Object)'> (0x000000008a6a0270) thrown at [./src/hotspot/share/interpreter/linkResolver.cpp, l
Event: 0.619 Thread 0x000002cecb1ad000 Exception <a 'java/lang/NoSuchMethodError'{0x000000008a6adee0}: 'java.lang.Object java.lang.invoke.DirectMethodHandle$Holder.invokeSpecial(java.lang.Object, java.lang.Object, int, int, java.lang.Object, java.lang.Object, java.lang.Object)'> (0x000000008a6adee0) thrown at [./src/hotspot/share/interpreter/linkResolver.cpp, line 773]
Event: 0.620 Thread 0x000002cecb1ad000 Exception <a 'java/lang/NoSuchMethodError'{0x000000008a6b1470}: 'java.lang.Object java.lang.invoke.DelegatingMethodHandle$Holder.reinvoke_L(java.lang.Object, int, int, java.lang.Object, java.lang.Object, java.lang.Object)'> (0x000000008a6b1470) thrown at [./src/hotspot/share/interpreter/linkResolver.cpp, line 773]
Event: 0.620 Thread 0x000002cecb1ad000 Exception <a 'java/lang/NoSuchMethodError'{0x000000008a6b56f8}: 'java.lang.Object java.lang.invoke.DirectMethodHandle$Holder.invokeStatic(java.lang.Object, java.lang.Object, java.lang.Object, java.lang.Object, int)'> (0x000000008a6b56f8) thrown at [./src/hotspot/share/interpreter/linkResolver.cpp, line 773]
Event: 0.628 Thread 0x000002cecb1ad000 Exception <a 'java/io/FileNotFoundException'{0x000000008a518328}> (0x000000008a518328) thrown at [./src/hotspot/share/prims/jni.cpp, line 617]
Event: 0.660 Thread 0x000002cecb1ad000 Exception <a 'java/lang/NoSuchMethodError'{0x000000008a598948}: 'java.lang.Object java.lang.invoke.DirectMethodHandle$Holder.invokeStatic(java.lang.Object, int, int, int, int)'> (0x000000008a598948) thrown at [./src/hotspot/share/interpreter/linkResolver.cpp, line 773]
Event: 0.660 Thread 0x000002cecb1ad000 Exception <a 'java/lang/NoSuchMethodError'{0x000000008a59ba70}: 'java.lang.Object java.lang.invoke.DirectMethodHandle$Holder.invokeStaticInit(java.lang.Object, int, int, int, int)'> (0x000000008a59ba70) thrown at [./src/hotspot/share/interpreter/linkResolver.cpp, line 773]
Event: 0.819 Thread 0x000002cecb1ad000 Exception <a 'java/lang/NoSuchMethodError'{0x000000008a42d2b0}: 'java.lang.Object java.lang.invoke.DirectMethodHandle$Holder.invokeStatic(java.lang.Object, java.lang.Object, int, int, int, int)'> (0x000000008a42d2b0) thrown at [./src/hotspot/share/interpreter/linkResolver.cpp, line 773]
Event: 0.819 Thread 0x000002cecb1ad000 Exception <a 'java/lang/NoSuchMethodError'{0x000000008a430608}: 'java.lang.Object java.lang.invoke.DirectMethodHandle$Holder.invokeStaticInit(java.lang.Object, java.lang.Object, int, int, int, int)'> (0x000000008a430608) thrown at [./src/hotspot/share/interpreter/linkResolver.cpp, line 773]
Event: 0.911 Thread 0x000002cecb1ad000 Exception <a 'sun/nio/fs/WindowsException'{0x000000008a397788}> (0x000000008a397788) thrown at [./src/hotspot/share/prims/jni.cpp, line 617]
Event: 0.911 Thread 0x000002cecb1ad000 Exception <a 'sun/nio/fs/WindowsException'{0x000000008a397dd8}> (0x000000008a397dd8) thrown at [./src/hotspot/share/prims/jni.cpp, line 617]
Event: 0.914 Thread 0x000002cecb1ad000 Exception <a 'sun/nio/fs/WindowsException'{0x000000008a3b1af8}> (0x000000008a3b1af8) thrown at [./src/hotspot/share/prims/jni.cpp, line 617]
Event: 0.914 Thread 0x000002cecb1ad000 Exception <a 'sun/nio/fs/WindowsException'{0x000000008a3b1fb8}> (0x000000008a3b1fb8) thrown at [./src/hotspot/share/prims/jni.cpp, line 617]

Events (20 events):
Event: 0.850 loading class java/io/RandomAccessFile$1 done
Event: 0.866 loading class org/lwjgl/opengl/GL11
Event: 0.866 loading class org/lwjgl/opengl/GL11 done
Event: 0.870 loading class org/lwjgl/opengl/GL
Event: 0.870 loading class org/lwjgl/opengl/GL done
Event: 0.871 loading class org/lwjgl/opengl/GL$ICD
Event: 0.871 loading class org/lwjgl/opengl/GL$ICD done
Event: 0.872 loading class org/lwjgl/opengl/GL$ICDStatic
Event: 0.872 loading class org/lwjgl/opengl/GL$ICDStatic done
Event: 0.912 Loaded shared library C:\Users\\AppData\Local\Temp\lwjgl_\3.3.3+5\x64\lwjgl_opengl.dll
Event: 0.914 loading class org/lwjgl/opengl/GL$2
Event: 0.914 loading class org/lwjgl/opengl/GL$2 done
Event: 0.915 loading class org/lwjgl/opengl/GL$1
Event: 0.915 loading class org/lwjgl/opengl/GL$1 done
Event: 0.915 loading class org/lwjgl/system/SharedLibrary$Delegate
Event: 0.915 loading class org/lwjgl/system/SharedLibrary$Delegate done
Event: 0.916 loading class org/lwjgl/opengl/GL11C
Event: 0.916 loading class org/lwjgl/opengl/GL11C done
Event: 0.917 loading class org/lwjgl/system/libc/LibCString
Event: 0.917 loading class org/lwjgl/system/libc/LibCString done


Dynamic libraries:
0x00007ff6e2440000 - 0x00007ff6e244d000 	D:\JDK\bin\java.exe
0x00007ffcfe870000 - 0x00007ffcfea87000 	C:\WINDOWS\SYSTEM32\ntdll.dll
0x00007ffcfcc10000 - 0x00007ffcfccd4000 	C:\WINDOWS\System32\KERNEL32.DLL
0x00007ffcfbbf0000 - 0x00007ffcfbf96000 	C:\WINDOWS\System32\KERNELBASE.dll
0x00007ffcfc090000 - 0x00007ffcfc1a1000 	C:\WINDOWS\System32\ucrtbase.dll
0x00007ffce2620000 - 0x00007ffce2637000 	D:\JDK\bin\jli.dll
0x00007ffcfd100000 - 0x00007ffcfd2ad000 	C:\WINDOWS\System32\USER32.dll
0x00007ffcfbfa0000 - 0x00007ffcfbfc6000 	C:\WINDOWS\System32\win32u.dll
0x00007ffcfc6c0000 - 0x00007ffcfc6e9000 	C:\WINDOWS\System32\GDI32.dll
0x00007ffcfc430000 - 0x00007ffcfc548000 	C:\WINDOWS\System32\gdi32full.dll
0x00007ffcfc320000 - 0x00007ffcfc3ba000 	C:\WINDOWS\System32\msvcp_win.dll
0x00007ffce0f30000 - 0x00007ffce0f49000 	D:\JDK\bin\VCRUNTIME140.dll
0x00007ffce44a0000 - 0x00007ffce4733000 	C:\WINDOWS\WinSxS\amd64_microsoft.windows.common-controls_6595b64144ccf1df_6.0.22621.2361_none_2712ced57382f843\COMCTL32.dll
0x00007ffcfd6b0000 - 0x00007ffcfd757000 	C:\WINDOWS\System32\msvcrt.dll
0x00007ffcfc810000 - 0x00007ffcfc841000 	C:\WINDOWS\System32\IMM32.DLL
0x00007ffce2610000 - 0x00007ffce261c000 	D:\JDK\bin\vcruntime140_1.dll
0x00007ffc8abb0000 - 0x00007ffc8ac41000 	D:\JDK\bin\msvcp140.dll
0x00007ffc78620000 - 0x00007ffc791da000 	D:\JDK\bin\server\jvm.dll
0x00007ffcfcaa0000 - 0x00007ffcfcb50000 	C:\WINDOWS\System32\ADVAPI32.dll
0x00007ffcfcb60000 - 0x00007ffcfcc06000 	C:\WINDOWS\System32\sechost.dll
0x00007ffcfc6f0000 - 0x00007ffcfc807000 	C:\WINDOWS\System32\RPCRT4.dll
0x00007ffcfc8d0000 - 0x00007ffcfc8d8000 	C:\WINDOWS\System32\PSAPI.DLL
0x00007ffcdb340000 - 0x00007ffcdb349000 	C:\WINDOWS\SYSTEM32\WSOCK32.dll
0x00007ffcfd630000 - 0x00007ffcfd6a1000 	C:\WINDOWS\System32\WS2_32.dll
0x00007ffcfa520000 - 0x00007ffcfa554000 	C:\WINDOWS\SYSTEM32\WINMM.dll
0x00007ffcf32d0000 - 0x00007ffcf32da000 	C:\WINDOWS\SYSTEM32\VERSION.dll
0x00007ffcfacc0000 - 0x00007ffcfacd8000 	C:\WINDOWS\SYSTEM32\kernel.appcore.dll
0x00007ffce2580000 - 0x00007ffce2590000 	D:\JDK\bin\verify.dll
0x00007ffcf9f00000 - 0x00007ffcfa12e000 	C:\WINDOWS\SYSTEM32\DBGHELP.DLL
0x00007ffcfcd70000 - 0x00007ffcfd0fa000 	C:\WINDOWS\System32\combase.dll
0x00007ffcfd300000 - 0x00007ffcfd3d7000 	C:\WINDOWS\System32\OLEAUT32.dll
0x00007ffcd1a30000 - 0x00007ffcd1a62000 	C:\WINDOWS\SYSTEM32\dbgcore.DLL
0x00007ffcfc550000 - 0x00007ffcfc5ca000 	C:\WINDOWS\System32\bcryptPrimitives.dll
0x00007ffcb7130000 - 0x00007ffcb7158000 	D:\JDK\bin\java.dll
0x00007ffcdf920000 - 0x00007ffcdf92a000 	D:\JDK\bin\jimage.dll
0x00007ffc9ac30000 - 0x00007ffc9ac48000 	D:\JDK\bin\zip.dll
0x00007ffcfd760000 - 0x00007ffcfdfb8000 	C:\WINDOWS\System32\SHELL32.dll
0x00007ffcf8b80000 - 0x00007ffcf9472000 	C:\WINDOWS\SYSTEM32\windows.storage.dll
0x00007ffcf8a40000 - 0x00007ffcf8b7e000 	C:\WINDOWS\SYSTEM32\wintypes.dll
0x00007ffcfd3e0000 - 0x00007ffcfd4d3000 	C:\WINDOWS\System32\SHCORE.dll
0x00007ffcfc850000 - 0x00007ffcfc8ae000 	C:\WINDOWS\System32\shlwapi.dll
0x00007ffcfbb20000 - 0x00007ffcfbb46000 	C:\WINDOWS\SYSTEM32\profapi.dll
0x00007ffc96f30000 - 0x00007ffc96f49000 	D:\JDK\bin\net.dll
0x00007ffcf4db0000 - 0x00007ffcf4ee7000 	C:\WINDOWS\SYSTEM32\WINHTTP.dll
0x00007ffcfb1a0000 - 0x00007ffcfb209000 	C:\WINDOWS\system32\mswsock.dll
0x00007ffc93980000 - 0x00007ffc93993000 	D:\JDK\bin\nio.dll
0x00007ffc8ab30000 - 0x00007ffc8abab000 	C:\Users\\AppData\Local\Temp\lwjgl_\3.3.3+5\x64\lwjgl.dll
0x00007ffc82490000 - 0x00007ffc82512000 	C:\Users\D899~1\AppData\Local\Temp\lwjgl_\3.3.3+5\x64\glfw.dll
0x00007ffc89d10000 - 0x00007ffc89d56000 	C:\WINDOWS\SYSTEM32\dinput8.dll
0x00007ffc93160000 - 0x00007ffc93171000 	C:\WINDOWS\SYSTEM32\xinput1_4.dll
0x00007ffcfb8f0000 - 0x00007ffcfb93e000 	C:\WINDOWS\SYSTEM32\cfgmgr32.dll
0x00007ffcfb8c0000 - 0x00007ffcfb8ec000 	C:\WINDOWS\SYSTEM32\DEVOBJ.dll
0x00007ffcf7c60000 - 0x00007ffcf7c8b000 	C:\WINDOWS\SYSTEM32\dwmapi.dll
0x00007ffce2970000 - 0x00007ffce2b7a000 	C:\WINDOWS\SYSTEM32\inputhost.dll
0x00007ffcf64d0000 - 0x00007ffcf6603000 	C:\WINDOWS\SYSTEM32\CoreMessaging.dll
0x00007ffcf7b20000 - 0x00007ffcf7bcb000 	C:\WINDOWS\system32\uxtheme.dll
0x00007ffc80910000 - 0x00007ffc8096e000 	C:\Program Files\Huawei\PCManager\plugins\PerfWndMonModule.dll
0x00007ffcfd4e0000 - 0x00007ffcfd62c000 	C:\WINDOWS\System32\MSCTF.dll
0x00007ffcfb3f0000 - 0x00007ffcfb3fc000 	C:\WINDOWS\SYSTEM32\CRYPTBASE.DLL
0x00007ffce3d60000 - 0x00007ffce3e60000 	C:\WINDOWS\SYSTEM32\opengl32.dll
0x00007ffce4b30000 - 0x00007ffce4b5d000 	C:\WINDOWS\SYSTEM32\GLU32.dll
0x00007ffcf9490000 - 0x00007ffcf94c6000 	C:\WINDOWS\SYSTEM32\dxcore.dll
0x00007ffcf4d40000 - 0x00007ffcf4d8a000 	C:\WINDOWS\SYSTEM32\directxdatabasehelper.dll
0x00007ffcfe050000 - 0x00007ffcfe100000 	C:\WINDOWS\System32\clbcatq.dll
0x00007ffc598d0000 - 0x00007ffc5a9fc000 	C:\WINDOWS\System32\DriverStore\FileRepository\iigd_dch.inf_amd64_2ec86af404806919\igxelpicd64.dll
0x00007ffcfe110000 - 0x00007ffcfe2af000 	C:\WINDOWS\System32\ole32.dll
0x00007ffcfa410000 - 0x00007ffcfa508000 	C:\WINDOWS\system32\dxgi.dll
0x00007ffc7ca10000 - 0x00007ffc7cb5f000 	C:\WINDOWS\System32\DriverStore\FileRepository\iigd_dch.inf_amd64_2ec86af404806919\igdml64.dll
0x00007ffcef7d0000 - 0x00007ffcefba5000 	C:\WINDOWS\System32\DriverStore\FileRepository\iigd_dch.inf_amd64_2ec86af404806919\igdgmm64.dll
0x00007ffcfc3c0000 - 0x00007ffcfc42c000 	C:\WINDOWS\System32\WINTRUST.dll
0x00007ffcfc1b0000 - 0x00007ffcfc316000 	C:\WINDOWS\System32\CRYPT32.dll
0x00007ffcfb450000 - 0x00007ffcfb462000 	C:\WINDOWS\SYSTEM32\MSASN1.dll
0x00007ffceb910000 - 0x00007ffcef776000 	C:\WINDOWS\System32\DriverStore\FileRepository\iigd_dch.inf_amd64_2ec86af404806919\igc64.dll
0x00007ffcfaa80000 - 0x00007ffcfaacd000 	C:\WINDOWS\SYSTEM32\powrprof.dll
0x00007ffcfaa60000 - 0x00007ffcfaa73000 	C:\WINDOWS\SYSTEM32\UMPDC.dll
0x00007ffce3a20000 - 0x00007ffce3b6a000 	C:\WINDOWS\SYSTEM32\textinputframework.dll
0x00007ffcf45c0000 - 0x00007ffcf492c000 	C:\WINDOWS\SYSTEM32\CoreUIComponents.dll
0x00007ffc7c880000 - 0x00007ffc7ca01000 	D:\JDK\bin\awt.dll
0x00007ffcf79d0000 - 0x00007ffcf7a67000 	C:\WINDOWS\SYSTEM32\apphelp.dll
0x00007ffcfb400000 - 0x00007ffcfb41b000 	C:\WINDOWS\SYSTEM32\CRYPTSP.dll
0x00007ffcfac80000 - 0x00007ffcfacb5000 	C:\WINDOWS\system32\rsaenh.dll
0x00007ffcfb290000 - 0x00007ffcfb2bc000 	C:\WINDOWS\SYSTEM32\USERENV.dll
0x00007ffcfb5b0000 - 0x00007ffcfb5d8000 	C:\WINDOWS\SYSTEM32\bcrypt.dll
0x00007ffcfa730000 - 0x00007ffcfa75d000 	C:\WINDOWS\SYSTEM32\IPHLPAPI.DLL
0x00007ffcfcb50000 - 0x00007ffcfcb59000 	C:\WINDOWS\System32\NSI.dll
0x00007ffcf4550000 - 0x00007ffcf4569000 	C:\WINDOWS\SYSTEM32\dhcpcsvc6.DLL
0x00007ffcf33d0000 - 0x00007ffcf33ef000 	C:\WINDOWS\SYSTEM32\dhcpcsvc.DLL
0x00007ffcfa760000 - 0x00007ffcfa859000 	C:\WINDOWS\SYSTEM32\DNSAPI.dll
0x00007ffc83410000 - 0x00007ffc8346e000 	C:\Users\\AppData\Local\Temp\lwjgl_\3.3.3+5\x64\lwjgl_opengl.dll

dbghelp: loaded successfully - version: 4.0.5 - missing functions: none
symbol engine: initialized successfully - sym options: 0x614 - pdb path: .;D:\JDK\bin;C:\WINDOWS\SYSTEM32;C:\WINDOWS\WinSxS\amd64_microsoft.windows.common-controls_6595b64144ccf1df_6.0.22621.2361_none_2712ced57382f843;D:\JDK\bin\server;C:\Users\\AppData\Local\Temp\lwjgl_\3.3.3+5\x64;C:\Users\D899~1\AppData\Local\Temp\lwjgl_\3.3.3+5\x64;C:\Program Files\Huawei\PCManager\plugins;C:\WINDOWS\System32\DriverStore\FileRepository\iigd_dch.inf_amd64_2ec86af404806919

VM Arguments:
java_command: Program
java_class_path (initial): C:\Users\\AppData\Roaming\Code\User\workspaceStorage\d92ffe016f534936655b7c06321687b6\redhat.java\jdt_ws\ObjParser_17fcb01c\bin;d:\JavaProjects\ObjParser\lib\lwjgl-glfw-javadoc.jar;d:\JavaProjects\ObjParser\lib\lwjgl-glfw-natives-linux.jar;d:\JavaProjects\ObjParser\lib\lwjgl-glfw.jar;d:\JavaProjects\ObjParser\lib\lwjgl-javadoc.jar;d:\JavaProjects\ObjParser\lib\lwjgl-natives-windows.jar;d:\JavaProjects\ObjParser\lib\lwjgl-glfw-natives-windows.jar;d:\JavaProjects\ObjParser\lib\lwjgl.jar;d:\JavaProjects\ObjParser\lib\lwjgl-natives-linux.jar;d:\JavaProjects\ObjParser\lib\lwjgl-opengl-natives-windows.jar;d:\JavaProjects\ObjParser\lib\lwjgl-opengl-natives-linux.jar;d:\JavaProjects\ObjParser\lib\lwjgl-opengl-javadoc.jar;d:\JavaProjects\ObjParser\lib\lwjgl-opengl.jar
Launcher Type: SUN_STANDARD

[Global flags]
     intx CICompilerCount                          = 3                                         {product} {ergonomic}
     uint ConcGCThreads                            = 1                                         {product} {ergonomic}
     uint G1ConcRefinementThreads                  = 4                                         {product} {ergonomic}
   size_t G1HeapRegionSize                         = 1048576                                   {product} {ergonomic}
    uintx GCDrainStackTargetSize                   = 64                                        {product} {ergonomic}
   size_t InitialHeapSize                          = 132120576                                 {product} {ergonomic}
   size_t MarkStackSize                            = 4194304                                   {product} {ergonomic}
   size_t MaxHeapSize                              = 2095054848                                {product} {ergonomic}
   size_t MaxNewSize                               = 1256194048                                {product} {ergonomic}
   size_t MinHeapDeltaBytes                        = 1048576                                   {product} {ergonomic}
    uintx NonNMethodCodeHeapSize                   = 5830732                                {pd product} {ergonomic}
    uintx NonProfiledCodeHeapSize                  = 122913754                              {pd product} {ergonomic}
    uintx ProfiledCodeHeapSize                     = 122913754                              {pd product} {ergonomic}
    uintx ReservedCodeCacheSize                    = 251658240                              {pd product} {ergonomic}
     bool SegmentedCodeCache                       = true                                      {product} {ergonomic}
     bool UseCompressedClassPointers               = true                                 {lp64_product} {ergonomic}
     bool UseCompressedOops                        = true                                 {lp64_product} {ergonomic}
     bool UseG1GC                                  = true                                      {product} {ergonomic}
     bool UseLargePagesIndividualAllocation        = false                                  {pd product} {ergonomic}

Logging:
Log output configuration:
 #0: stdout all=warning uptime,level,tags
 #1: stderr all=off uptime,level,tags

Environment Variables:
PATH=C:\Program Files (x86)\NVIDIA Corporation\PhysX\Common;D:\Ruby32-x64\bin;D:\JDK\bin;C:\Program Files\Common Files\Oracle\Java\javapath;C:\Program Files (x86)\Common Files\Oracle\Java\javapath;C:\Windows\System32\HWAudioDriverLibs;C:\Windows\system32;C:\Windows;C:\Windows\System32\Wbem;C:\Windows\System32\WindowsPowerShell\v1.0\;C:\Windows\System32\OpenSSH\;C:\Users\Administrator\AppData\Local\Microsoft\WindowsApps;C:\Program Files\dotnet\;C:\Program Files\Git\cmd;C:\Program Files (x86)\GtkSharp\2.12\bin;D:\Java\bin;C:\WINDOWS\system32;C:\WINDOWS;C:\WINDOWS\System32\Wbem;C:\WINDOWS\System32\WindowsPowerShell\v1.0\;C:\WINDOWS\System32\OpenSSH\;C:\Users\\.cargo\bin;C:\Users\\AppData\Local\Microsoft\WindowsApps;C:\Users\\.dotnet\tools;D:\MinGW\bin;;C:\Users\\AppData\Local\Programs\Microsoft VS Code\bin
USERNAME=
LANG=en_US.UTF-8
OS=Windows_NT
PROCESSOR_IDENTIFIER=Intel64 Family 6 Model 140 Stepping 1, GenuineIntel
TMP=C:\Users\D899~1\AppData\Local\Temp
TEMP=C:\Users\D899~1\AppData\Local\Temp



---------------  S Y S T E M  ---------------

OS: Windows 11 , 64 bit Build 22621 (10.0.22621.2428)
OS uptime: 0 days 9:49 hours

CPU:total 4 (initial active 4) (2 cores per cpu, 2 threads per core) family 6 model 140 stepping 1 microcode 0x8a, cmov, cx8, fxsr, mmx, sse, sse2, sse3, ssse3, sse4.1, sse4.2, popcnt, avx, avx2, aes, clmul, erms, 3dnowpref, lzcnt, ht, tsc, tscinvbit, bmi1, bmi2, adx, evex, sha, fma

Memory: 4k page, system-wide physical 7991M (692M free)
TotalPageFile size 12599M (AvailPageFile size 1726M)
current process WorkingSet (physical memory assigned to process): 133M, peak: 133M
current process commit charge ("private bytes"): 258M, peak: 258M

vm_info: OpenJDK 64-Bit Server VM (11.0.18+10) for windows-amd64 JRE (11.0.18+10), built on Jan 18 2023 04:27:27 by "" with MS VC++ 16.7 (VS2019)

END.
