#
# A fatal error has been detected by the Java Runtime Environment:
#
#  EXCEPTION_ACCESS_VIOLATION (0xc0000005) at pc=0x00007fff3608c55d, pid=2588, tid=13788
#
# JRE version: OpenJDK Runtime Environment Temurin-11.0.18+10 (11.0.18+10) (build 11.0.18+10)
# Java VM: OpenJDK 64-Bit Server VM Temurin-11.0.18+10 (11.0.18+10, mixed mode, tiered, compressed oops, g1 gc, windows-amd64)
# Problematic frame:
# C  [lwjgl_opengl.dll+0xc55d]
#
# No core dump will be written. Minidumps are not enabled by default on client versions of Windows
#
# If you would like to submit a bug report, please visit:
#   https://github.com/adoptium/adoptium-support/issues
# The crash happened outside the Java Virtual Machine in native code.
# See problematic frame for where to report the bug.
#

---------------  S U M M A R Y ------------

Command Line: Program

Host: 11th Gen Intel(R) Core(TM) i3-1115G4 @ 3.00GHz, 4 cores, 7G,  Windows 11 , 64 bit Build 22621 (10.0.22621.2428)
Time: Mon Oct 23 18:08:40 2023  Windows 11 , 64 bit Build 22621 (10.0.22621.2428) elapsed time: 0.502288 seconds (0d 0h 0m 0s)

---------------  T H R E A D  ---------------

Current thread (0x0000018aacbad000):  JavaThread "main" [_thread_in_native, id=13788, stack(0x0000005106b00000,0x0000005106c00000)]

Stack: [0x0000005106b00000,0x0000005106c00000],  sp=0x0000005106bff498,  free space=1021k
Native frames: (J=compiled Java code, j=interpreted, Vv=VM code, C=native code)
C  [lwjgl_opengl.dll+0xc55d]

Java frames: (J=compiled Java code, j=interpreted, Vv=VM code)
j  org.lwjgl.opengl.GL11C.glBindTexture(II)V+0
j  org.lwjgl.opengl.GL11.glBindTexture(II)V+2
j  GLMeshDrawer.<init>(Ljava/util/ArrayList;Ljava/lang/String;IILMatrix4;)V+30
j  Program.main([Ljava/lang/String;)V+98
v  ~StubRoutines::call_stub

siginfo: EXCEPTION_ACCESS_VIOLATION (0xc0000005), reading address 0x0000000000000038


Register to memory mapping:

RIP=0x00007fff3608c55d lwjgl_opengl.dll
RAX=0x0000018ace206620 points into unknown readable memory: 0x0000000000000000 | 00 00 00 00 00 00 00 00
RBX={method} {0x0000018acd9ee338} 'glBindTexture' '(II)V' in 'org/lwjgl/opengl/GL11C'
RCX=0x0000000000000de1 is an unknown value
RDX=0x0 is NULL
RSP=0x0000005106bff498 is pointing into the stack for thread: 0x0000018aacbad000
RBP=0x0000005106bff518 is pointing into the stack for thread: 0x0000018aacbad000
RSI=0x0000018acd417c68 is pointing into metadata
RDI=0x0000000000094778 is an unknown value
R8 =0x0000000000000de1 is an unknown value
R9 =0x0 is NULL
R10=0x0 is NULL
R11=0x000000008a2e7eb0 is an oop: java.lang.Class 
{0x000000008a2e7eb0} - klass: 'java/lang/Class'
 - ---- fields (total size 116 words):
 - private volatile transient strict 'cachedConstructor' 'Ljava/lang/reflect/Constructor;' @12  NULL (0)
 - private volatile transient strict 'newInstanceCallerCache' 'Ljava/lang/Class;' @16  NULL (0)
 - private transient 'name' 'Ljava/lang/String;' @20  "org.lwjgl.opengl.GL11C"{0x000000008a2e8260} (8a2e8260)
 - private transient 'module' 'Ljava/lang/Module;' @24  a 'java/lang/Module'{0x000000008afaea20} (8afaea20)
 - private final 'classLoader' 'Ljava/lang/ClassLoader;' @28  a 'jdk/internal/loader/ClassLoaders$AppClassLoader'{0x000000008afae870} (8afae870)
 - private transient 'packageName' 'Ljava/lang/String;' @32  "org.lwjgl.opengl"{0x000000008a5e9f50} (8a5e9f50)
 - private final strict 'componentType' 'Ljava/lang/Class;' @36  NULL (0)
 - private volatile transient strict 'reflectionData' 'Ljava/lang/ref/SoftReference;' @40  NULL (0)
 - private volatile transient 'genericInfo' 'Lsun/reflect/generics/repository/ClassRepository;' @44  NULL (0)
 - private volatile transient strict 'enumConstants' '[Ljava/lang/Object;' @48  NULL (0)
 - private volatile transient strict 'enumConstantDirectory' 'Ljava/util/Map;' @52  NULL (0)
 - private volatile transient 'annotationData' 'Ljava/lang/Class$AnnotationData;' @56  NULL (0)
 - private volatile transient 'annotationType' 'Lsun/reflect/annotation/AnnotationType;' @60  NULL (0)
 - transient 'classValueMap' 'Ljava/lang/ClassValue$ClassValueMap;' @64  NULL (0)
 - private volatile transient 'classRedefinedCount' 'I' @96  0
 - signature: Lorg/lwjgl/opengl/GL11C;
 - fake entry for mirror: 'org/lwjgl/opengl/GL11C'
 - fake entry for array: NULL
 - fake entry for oop_size: 116
 - fake entry for static_oop_field_count: 0
 - public static final 'GL_NEVER' 'I' @112  512 (200)
 - public static final 'GL_LESS' 'I' @116  513 (201)
 - public static final 'GL_EQUAL' 'I' @120  514 (202)
 - public static final 'GL_LEQUAL' 'I' @124  515 (203)
 - public static final 'GL_GREATER' 'I' @128  516 (204)
 - public static final 'GL_NOTEQUAL' 'I' @132  517 (205)
 - public static final 'GL_GEQUAL' 'I' @136  518 (206)
 - public static final 'GL_ALWAYS' 'I' @140  519 (207)
 - public static final 'GL_DEPTH_BUFFER_BIT' 'I' @144  256 (100)
 - public static final 'GL_STENCIL_BUFFER_BIT' 'I' @148  1024 (400)
 - public static final 'GL_COLOR_BUFFER_BIT' 'I' @152  16384 (4000)
 - public static final 'GL_POINTS' 'I' @156  0
 - public static final 'GL_LINES' 'I' @160  1
 - public static final 'GL_LINE_LOOP' 'I' @164  2
 - public static final 'GL_LINE_STRIP' 'I' @168  3
 - public static final 'GL_TRIANGLES' 'I' @172  4
 - public static final 'GL_TRIANGLE_STRIP' 'I' @176  5
 - public static final 'GL_TRIANGLE_FAN' 'I' @180  6
 - public static final 'GL_QUADS' 'I' @184  7
 - public static final 'GL_ZERO' 'I' @188  0
 - public static final 'GL_ONE' 'I' @192  1
 - public static final 'GL_SRC_COLOR' 'I' @196  768 (300)
 - public static final 'GL_ONE_MINUS_SRC_COLOR' 'I' @200  769 (301)
 - public static final 'GL_SRC_ALPHA' 'I' @204  770 (302)
 - public static final 'GL_ONE_MINUS_SRC_ALPHA' 'I' @208  771 (303)
 - public static final 'GL_DST_ALPHA' 'I' @212  772 (304)
 - public static final 'GL_ONE_MINUS_DST_ALPHA' 'I' @216  773 (305)
 - public static final 'GL_DST_COLOR' 'I' @220  774 (306)
 - public static final 'GL_ONE_MINUS_DST_COLOR' 'I' @224  775 (307)
 - public static final 'GL_SRC_ALPHA_SATURATE' 'I' @228  776 (308)
 - public static final 'GL_TRUE' 'I' @232  1
 - public static final 'GL_FALSE' 'I' @236  0
 - public static final 'GL_BYTE' 'I' @240  5120 (1400)
 - public static final 'GL_UNSIGNED_BYTE' 'I' @244  5121 (1401)
 - public static final 'GL_SHORT' 'I' @248  5122 (1402)
 - public static final 'GL_UNSIGNED_SHORT' 'I' @252  5123 (1403)
 - public static final 'GL_INT' 'I' @256  5124 (1404)
 - public static final 'GL_UNSIGNED_INT' 'I' @260  5125 (1405)
 - public static final 'GL_FLOAT' 'I' @264  5126 (1406)
 - public static final 'GL_DOUBLE' 'I' @268  5130 (140a)
 - public static final 'GL_NONE' 'I' @272  0
 - public static final 'GL_FRONT_LEFT' 'I' @276  1024 (400)
 - public static final 'GL_FRONT_RIGHT' 'I' @280  1025 (401)
 - public static final 'GL_BACK_LEFT' 'I' @284  1026 (402)
 - public static final 'GL_BACK_RIGHT' 'I' @288  1027 (403)
 - public static final 'GL_FRONT' 'I' @292  1028 (404)
 - public static final 'GL_BACK' 'I' @296  1029 (405)
 - public static final 'GL_LEFT' 'I' @300  1030 (406)
 - public static final 'GL_RIGHT' 'I' @304  1031 (407)
 - public static final 'GL_FRONT_AND_BACK' 'I' @308  1032 (408)
 - public static final 'GL_NO_ERROR' 'I' @312  0
 - public static final 'GL_INVALID_ENUM' 'I' @316  1280 (500)
 - public static final 'GL_INVALID_VALUE' 'I' @320  1281 (501)
 - public static final 'GL_INVALID_OPERATION' 'I' @324  1282 (502)
 - public static final 'GL_STACK_OVERFLOW' 'I' @328  1283 (503)
 - public static final 'GL_STACK_UNDERFLOW' 'I' @332  1284 (504)
 - public static final 'GL_OUT_OF_MEMORY' 'I' @336  1285 (505)
 - public static final 'GL_CW' 'I' @340  2304 (900)
 - public static final 'GL_CCW' 'I' @344  2305 (901)
 - public static final 'GL_POINT_SIZE' 'I' @348  2833 (b11)
 - public static final 'GL_POINT_SIZE_RANGE' 'I' @352  2834 (b12)
 - public static final 'GL_POINT_SIZE_GRANULARITY' 'I' @356  2835 (b13)
 - public static final 'GL_LINE_SMOOTH' 'I' @360  2848 (b20)
 - public static final 'GL_LINE_WIDTH' 'I' @364  2849 (b21)
 - public static final 'GL_LINE_WIDTH_RANGE' 'I' @368  2850 (b22)
 - public static final 'GL_LINE_WIDTH_GRANULARITY' 'I' @372  2851 (b23)
 - public static final 'GL_POLYGON_MODE' 'I' @376  2880 (b40)
 - public static final 'GL_POLYGON_SMOOTH' 'I' @380  2881 (b41)
 - public static final 'GL_CULL_FACE' 'I' @384  2884 (b44)
 - public static final 'GL_CULL_FACE_MODE' 'I' @388  2885 (b45)
 - public static final 'GL_FRONT_FACE' 'I' @392  2886 (b46)
 - public static final 'GL_DEPTH_RANGE' 'I' @396  2928 (b70)
 - public static final 'GL_DEPTH_TEST' 'I' @400  2929 (b71)
 - public static final 'GL_DEPTH_WRITEMASK' 'I' @404  2930 (b72)
 - public static final 'GL_DEPTH_CLEAR_VALUE' 'I' @408  2931 (b73)
 - public static final 'GL_DEPTH_FUNC' 'I' @412  2932 (b74)
 - public static final 'GL_STENCIL_TEST' 'I' @416  2960 (b90)
 - public static final 'GL_STENCIL_CLEAR_VALUE' 'I' @420  2961 (b91)
 - public static final 'GL_STENCIL_FUNC' 'I' @424  2962 (b92)
 - public static final 'GL_STENCIL_VALUE_MASK' 'I' @428  2963 (b93)
 - public static final 'GL_STENCIL_FAIL' 'I' @432  2964 (b94)
 - public static final 'GL_STENCIL_PASS_DEPTH_FAIL' 'I' @436  2965 (b95)
 - public static final 'GL_STENCIL_PASS_DEPTH_PASS' 'I' @440  2966 (b96)
 - public static final 'GL_STENCIL_REF' 'I' @444  2967 (b97)
 - public static final 'GL_STENCIL_WRITEMASK' 'I' @448  2968 (b98)
 - public static final 'GL_VIEWPORT' 'I' @452  2978 (ba2)
 - public static final 'GL_DITHER' 'I' @456  3024 (bd0)
 - public static final 'GL_BLEND_DST' 'I' @460  3040 (be0)
 - public static final 'GL_BLEND_SRC' 'I' @464  3041 (be1)
 - public static final 'GL_BLEND' 'I' @468  3042 (be2)
 - public static final 'GL_LOGIC_OP_MODE' 'I' @472  3056 (bf0)
 - public static final 'GL_COLOR_LOGIC_OP' 'I' @476  3058 (bf2)
 - public static final 'GL_DRAW_BUFFER' 'I' @480  3073 (c01)
 - public static final 'GL_READ_BUFFER' 'I' @484  3074 (c02)
 - public static final 'GL_SCISSOR_BOX' 'I' @488  3088 (c10)
 - public static final 'GL_SCISSOR_TEST' 'I' @492  3089 (c11)
 - public static final 'GL_COLOR_CLEAR_VALUE' 'I' @496  3106 (c22)
 - public static final 'GL_COLOR_WRITEMASK' 'I' @500  3107 (c23)
 - public static final 'GL_DOUBLEBUFFER' 'I' @504  3122 (c32)
 - public static final 'GL_STEREO' 'I' @508  3123 (c33)
 - public static final 'GL_LINE_SMOOTH_HINT' 'I' @512  3154 (c52)
 - public static final 'GL_POLYGON_SMOOTH_HINT' 'I' @516  3155 (c53)
 - public static final 'GL_UNPACK_SWAP_BYTES' 'I' @520  3312 (cf0)
 - public static final 'GL_UNPACK_LSB_FIRST' 'I' @524  3313 (cf1)
 - public static final 'GL_UNPACK_ROW_LENGTH' 'I' @528  3314 (cf2)
 - public static final 'GL_UNPACK_SKIP_ROWS' 'I' @532  3315 (cf3)
 - public static final 'GL_UNPACK_SKIP_PIXELS' 'I' @536  3316 (cf4)
 - public static final 'GL_UNPACK_ALIGNMENT' 'I' @540  3317 (cf5)
 - public static final 'GL_PACK_SWAP_BYTES' 'I' @544  3328 (d00)
 - public static final 'GL_PACK_LSB_FIRST' 'I' @548  3329 (d01)
 - public static final 'GL_PACK_ROW_LENGTH' 'I' @552  3330 (d02)
 - public static final 'GL_PACK_SKIP_ROWS' 'I' @556  3331 (d03)
 - public static final 'GL_PACK_SKIP_PIXELS' 'I' @560  3332 (d04)
 - public static final 'GL_PACK_ALIGNMENT' 'I' @564  3333 (d05)
 - public static final 'GL_MAX_TEXTURE_SIZE' 'I' @568  3379 (d33)
 - public static final 'GL_MAX_VIEWPORT_DIMS' 'I' @572  3386 (d3a)
 - public static final 'GL_SUBPIXEL_BITS' 'I' @576  3408 (d50)
 - public static final 'GL_TEXTURE_1D' 'I' @580  3552 (de0)
 - public static final 'GL_TEXTURE_2D' 'I' @584  3553 (de1)
 - public static final 'GL_TEXTURE_WIDTH' 'I' @588  4096 (1000)
 - public static final 'GL_TEXTURE_HEIGHT' 'I' @592  4097 (1001)
 - public static final 'GL_TEXTURE_INTERNAL_FORMAT' 'I' @596  4099 (1003)
 - public static final 'GL_TEXTURE_BORDER_COLOR' 'I' @600  4100 (1004)
 - public static final 'GL_DONT_CARE' 'I' @604  4352 (1100)
 - public static final 'GL_FASTEST' 'I' @608  4353 (1101)
 - public static final 'GL_NICEST' 'I' @612  4354 (1102)
 - public static final 'GL_CLEAR' 'I' @616  5376 (1500)
 - public static final 'GL_AND' 'I' @620  5377 (1501)
 - public static final 'GL_AND_REVERSE' 'I' @624  5378 (1502)
 - public static final 'GL_COPY' 'I' @628  5379 (1503)
 - public static final 'GL_AND_INVERTED' 'I' @632  5380 (1504)
 - public static final 'GL_NOOP' 'I' @636  5381 (1505)
 - public static final 'GL_XOR' 'I' @640  5382 (1506)
 - public static final 'GL_OR' 'I' @644  5383 (1507)
 - public static final 'GL_NOR' 'I' @648  5384 (1508)
 - public static final 'GL_EQUIV' 'I' @652  5385 (1509)
 - public static final 'GL_INVERT' 'I' @656  5386 (150a)
 - public static final 'GL_OR_REVERSE' 'I' @660  5387 (150b)
 - public static final 'GL_COPY_INVERTED' 'I' @664  5388 (150c)
 - public static final 'GL_OR_INVERTED' 'I' @668  5389 (150d)
 - public static final 'GL_NAND' 'I' @672  5390 (150e)
 - public static final 'GL_SET' 'I' @676  5391 (150f)
 - public static final 'GL_TEXTURE' 'I' @680  5890 (1702)
 - public static final 'GL_COLOR' 'I' @684  6144 (1800)
 - public static final 'GL_DEPTH' 'I' @688  6145 (1801)
 - public static final 'GL_STENCIL' 'I' @692  6146 (1802)
 - public static final 'GL_STENCIL_INDEX' 'I' @696  6401 (1901)
 - public static final 'GL_DEPTH_COMPONENT' 'I' @700  6402 (1902)
 - public static final 'GL_RED' 'I' @704  6403 (1903)
 - public static final 'GL_GREEN' 'I' @708  6404 (1904)
 - public static final 'GL_BLUE' 'I' @712  6405 (1905)
 - public static final 'GL_ALPHA' 'I' @716  6406 (1906)
 - public static final 'GL_RGB' 'I' @720  6407 (1907)
 - public static final 'GL_RGBA' 'I' @724  6408 (1908)
 - public static final 'GL_POINT' 'I' @728  6912 (1b00)
 - public static final 'GL_LINE' 'I' @732  6913 (1b01)
 - public static final 'GL_FILL' 'I' @736  6914 (1b02)
 - public static final 'GL_KEEP' 'I' @740  7680 (1e00)
 - public static final 'GL_REPLACE' 'I' @744  7681 (1e01)
 - public static final 'GL_INCR' 'I' @748  7682 (1e02)
 - public static final 'GL_DECR' 'I' @752  7683 (1e03)
 - public static final 'GL_VENDOR' 'I' @756  7936 (1f00)
 - public static final 'GL_RENDERER' 'I' @760  7937 (1f01)
 - public static final 'GL_VERSION' 'I' @764  7938 (1f02)
 - public static final 'GL_EXTENSIONS' 'I' @768  7939 (1f03)
 - public static final 'GL_NEAREST' 'I' @772  9728 (2600)
 - public static final 'GL_LINEAR' 'I' @776  9729 (2601)
 - public static final 'GL_NEAREST_MIPMAP_NEAREST' 'I' @780  9984 (2700)
 - public static final 'GL_LINEAR_MIPMAP_NEAREST' 'I' @784  9985 (2701)
 - public static final 'GL_NEAREST_MIPMAP_LINEAR' 'I' @788  9986 (2702)
 - public static final 'GL_LINEAR_MIPMAP_LINEAR' 'I' @792  9987 (2703)
 - public static final 'GL_TEXTURE_MAG_FILTER' 'I' @796  10240 (2800)
 - public static final 'GL_TEXTURE_MIN_FILTER' 'I' @800  10241 (2801)
 - public static final 'GL_TEXTURE_WRAP_S' 'I' @804  10242 (2802)
 - public static final 'GL_TEXTURE_WRAP_T' 'I' @808  10243 (2803)
 - public static final 'GL_REPEAT' 'I' @812  10497 (2901)
 - public static final 'GL_POLYGON_OFFSET_FACTOR' 'I' @816  32824 (8038)
 - public static final 'GL_POLYGON_OFFSET_UNITS' 'I' @820  10752 (2a00)
 - public static final 'GL_POLYGON_OFFSET_POINT' 'I' @824  10753 (2a01)
 - public static final 'GL_POLYGON_OFFSET_LINE' 'I' @828  10754 (2a02)
 - public static final 'GL_POLYGON_OFFSET_FILL' 'I' @832  32823 (8037)
 - public static final 'GL_R3_G3_B2' 'I' @836  10768 (2a10)
 - public static final 'GL_RGB4' 'I' @840  32847 (804f)
 - public static final 'GL_RGB5' 'I' @844  32848 (8050)
 - public static final 'GL_RGB8' 'I' @848  32849 (8051)
 - public static final 'GL_RGB10' 'I' @852  32850 (8052)
 - public static final 'GL_RGB12' 'I' @856  32851 (8053)
 - public static final 'GL_RGB16' 'I' @860  32852 (8054)
 - public static final 'GL_RGBA2' 'I' @864  32853 (8055)
 - public static final 'GL_RGBA4' 'I' @868  32854 (8056)
 - public static final 'GL_RGB5_A1' 'I' @872  32855 (8057)
 - public static final 'GL_RGBA8' 'I' @876  32856 (8058)
 - public static final 'GL_RGB10_A2' 'I' @880  32857 (8059)
 - public static final 'GL_RGBA12' 'I' @884  32858 (805a)
 - public static final 'GL_RGBA16' 'I' @888  32859 (805b)
 - public static final 'GL_TEXTURE_RED_SIZE' 'I' @892  32860 (805c)
 - public static final 'GL_TEXTURE_GREEN_SIZE' 'I' @896  32861 (805d)
 - public static final 'GL_TEXTURE_BLUE_SIZE' 'I' @900  32862 (805e)
 - public static final 'GL_TEXTURE_ALPHA_SIZE' 'I' @904  32863 (805f)
 - public static final 'GL_PROXY_TEXTURE_1D' 'I' @908  32867 (8063)
 - public static final 'GL_PROXY_TEXTURE_2D' 'I' @912  32868 (8064)
 - public static final 'GL_TEXTURE_BINDING_1D' 'I' @916  32872 (8068)
 - public static final 'GL_TEXTURE_BINDING_2D' 'I' @920  32873 (8069)
 - public static final 'GL_VERTEX_ARRAY' 'I' @924  32884 (8074)
R12=0x0 is NULL
R13=0x0000018acd9ee328 is pointing into metadata
R14=0x0000005106bff540 is pointing into the stack for thread: 0x0000018aacbad000
R15=0x0000018aacbad000 is a thread


Registers:
RAX=0x0000018ace206620, RBX=0x0000018acd9ee330, RCX=0x0000000000000de1, RDX=0x0000000000000000
RSP=0x0000005106bff498, RBP=0x0000005106bff518, RSI=0x0000018acd417c68, RDI=0x0000000000094778
R8 =0x0000000000000de1, R9 =0x0000000000000000, R10=0x0000000000000000, R11=0x000000008a2e7eb0
R12=0x0000000000000000, R13=0x0000018acd9ee328, R14=0x0000005106bff540, R15=0x0000018aacbad000
RIP=0x00007fff3608c55d, EFLAGS=0x0000000000010206

Top of Stack: (sp=0x0000005106bff498)
0x0000005106bff498:   0000018ab6aff6d7 0000018acd9ee330
0x0000005106bff4a8:   0000005106bff518 0000018acd417c68
0x0000005106bff4b8:   00007fff14624489 0000018acd7cb3b8
0x0000005106bff4c8:   0000018ab6aff376 0000005106bff4d0
0x0000005106bff4d8:   0000018acd9ee328 0000005106bff540
0x0000005106bff4e8:   0000018ace7399e8 0000000000000000
0x0000005106bff4f8:   000000008a2e7eb0 0000018acd9ee330
0x0000005106bff508:   0000000000000000 0000005106bff538
0x0000005106bff518:   0000005106bff590 0000018ab6afa4c3
0x0000005106bff528:   000000008a2e7eb0 0000018ab6afc698
0x0000005106bff538:   0000000000000000 0000000000000de1
0x0000005106bff548:   0000005106bff548 0000018acd7cb38a
0x0000005106bff558:   0000005106bff5a8 0000018acd8970e8
0x0000005106bff568:   0000000000000000 000000008a5fe150
0x0000005106bff578:   0000018acd7cb3b8 0000005106bff538
0x0000005106bff588:   0000005106bff5a0 0000005106bff5f8 

Instructions: (pc=0x00007fff3608c55d)
0x00007fff3608c45d:   cc cc cc 48 8b 01 0f 28 cb f2 0f 10 5c 24 30 0f
0x00007fff3608c46d:   28 c2 f2 0f 10 54 24 28 48 8b 48 18 48 ff a1 48
0x00007fff3608c47d:   0a 00 00 48 8b 01 49 8b c8 48 8b 50 18 48 ff a2
0x00007fff3608c48d:   50 0a 00 00 cc cc cc cc cc cc cc cc cc cc cc cc
0x00007fff3608c49d:   cc cc cc 48 8b 01 49 8b c8 48 8b 50 18 48 ff a2
0x00007fff3608c4ad:   58 0a 00 00 cc cc cc cc cc cc cc cc cc cc cc cc
0x00007fff3608c4bd:   cc cc cc 48 8b 01 49 8b c8 48 8b 50 18 48 ff a2
0x00007fff3608c4cd:   60 0a 00 00 cc cc cc cc cc cc cc cc cc cc cc cc
0x00007fff3608c4dd:   cc cc cc 48 8b 01 49 8b c8 48 8b 50 18 48 ff a2
0x00007fff3608c4ed:   68 0a 00 00 cc cc cc cc cc cc cc cc cc cc cc cc
0x00007fff3608c4fd:   cc cc cc 40 53 48 8b 01 41 8b d8 44 8b 44 24 30
0x00007fff3608c50d:   41 8b d1 4c 8b 4c 24 38 8b cb 4c 8b 50 18 5b 49
0x00007fff3608c51d:   ff a2 70 0a 00 00 cc cc cc cc cc cc cc cc cc cc
0x00007fff3608c52d:   cc cc cc 48 8b 01 41 8b c8 48 8b 50 18 48 ff 22
0x00007fff3608c53d:   cc cc cc 48 8b 01 41 8b c8 48 8b 50 18 48 ff 62
0x00007fff3608c54d:   08 cc cc 48 8b 01 41 8b d1 41 8b c8 4c 8b 50 18
0x00007fff3608c55d:   49 ff 62 38 cc cc cc cc cc cc cc cc cc cc cc cc
0x00007fff3608c56d:   cc cc cc 48 8b 01 41 8b d1 41 8b c8 4c 8b 50 18
0x00007fff3608c57d:   49 ff 62 48 cc cc cc cc cc cc cc cc cc cc cc cc
0x00007fff3608c58d:   cc cc cc 48 8b 01 41 8b c8 48 8b 50 18 48 ff 62
0x00007fff3608c59d:   60 cc cc 48 8b 01 0f 28 cb f3 0f 10 5c 24 30 0f
0x00007fff3608c5ad:   28 c2 f3 0f 10 54 24 28 48 8b 48 18 48 ff 61 70
0x00007fff3608c5bd:   cc cc cc 48 8b 01 0f 28 c2 48 8b 48 18 48 ff 61
0x00007fff3608c5cd:   78 cc cc 48 8b 01 41 8b c8 48 8b 50 18 48 ff a2
0x00007fff3608c5dd:   88 00 00 00 cc cc cc cc cc cc cc cc cc cc cc cc
0x00007fff3608c5ed:   cc cc cc 40 53 48 8b 01 41 0f b6 d8 44 0f b6 44
0x00007fff3608c5fd:   24 30 41 0f b6 d1 44 0f b6 4c 24 38 0f b6 cb 4c
0x00007fff3608c60d:   8b 50 18 5b 49 ff a2 98 01 00 00 cc cc cc cc cc
0x00007fff3608c61d:   cc cc cc 48 8b 01 41 8b c8 48 8b 50 18 48 ff a2
0x00007fff3608c62d:   b8 01 00 00 cc cc cc cc cc cc cc cc cc cc cc cc
0x00007fff3608c63d:   cc cc cc 48 8b 01 41 8b c8 48 8b 50 18 48 ff a2
0x00007fff3608c64d:   c8 01 00 00 cc cc cc cc cc cc cc cc cc cc cc cc 


Stack slot to memory mapping:
stack at sp + 0 slots: 0x0000018ab6aff6d7 is at code_begin+1047 in an Interpreter codelet
method entry point (kind = native)  [0x0000018ab6aff2c0, 0x0000018ab6affd60]  2720 bytes
stack at sp + 1 slots: {method} {0x0000018acd9ee338} 'glBindTexture' '(II)V' in 'org/lwjgl/opengl/GL11C'
stack at sp + 2 slots: 0x0000005106bff518 is pointing into the stack for thread: 0x0000018aacbad000
stack at sp + 3 slots: 0x0000018acd417c68 is pointing into metadata
stack at sp + 4 slots: 0x00007fff14624489 jvm.dll
stack at sp + 5 slots: {method} {0x0000018acd7cb3c0} 'glBindTexture' '(II)V' in 'org/lwjgl/opengl/GL11'
stack at sp + 6 slots: 0x0000018ab6aff376 is at code_begin+182 in an Interpreter codelet
method entry point (kind = native)  [0x0000018ab6aff2c0, 0x0000018ab6affd60]  2720 bytes
stack at sp + 7 slots: 0x0000005106bff4d0 is pointing into the stack for thread: 0x0000018aacbad000


---------------  P R O C E S S  ---------------

Threads class SMR info:
_java_thread_list=0x0000018acdd2b300, length=11, elements={
0x0000018aacbad000, 0x0000018acd1d7800, 0x0000018acd1e2000, 0x0000018acdb73000,
0x0000018acd1f8800, 0x0000018acd1f9800, 0x0000018acd1fa800, 0x0000018acd207800,
0x0000018acd20b000, 0x0000018acdd07000, 0x0000018acde29000
}

Java Threads: ( => current thread )
=>0x0000018aacbad000 JavaThread "main" [_thread_in_native, id=13788, stack(0x0000005106b00000,0x0000005106c00000)]
  0x0000018acd1d7800 JavaThread "Reference Handler" daemon [_thread_blocked, id=10752, stack(0x0000005107200000,0x0000005107300000)]
  0x0000018acd1e2000 JavaThread "Finalizer" daemon [_thread_blocked, id=12332, stack(0x0000005107300000,0x0000005107400000)]
  0x0000018acdb73000 JavaThread "Signal Dispatcher" daemon [_thread_blocked, id=16544, stack(0x0000005107400000,0x0000005107500000)]
  0x0000018acd1f8800 JavaThread "Attach Listener" daemon [_thread_blocked, id=5080, stack(0x0000005107500000,0x0000005107600000)]
  0x0000018acd1f9800 JavaThread "Service Thread" daemon [_thread_blocked, id=2316, stack(0x0000005107600000,0x0000005107700000)]
  0x0000018acd1fa800 JavaThread "C2 CompilerThread0" daemon [_thread_blocked, id=15396, stack(0x0000005107700000,0x0000005107800000)]
  0x0000018acd207800 JavaThread "C1 CompilerThread0" daemon [_thread_blocked, id=3208, stack(0x0000005107800000,0x0000005107900000)]
  0x0000018acd20b000 JavaThread "Sweeper thread" daemon [_thread_blocked, id=8472, stack(0x0000005107900000,0x0000005107a00000)]
  0x0000018acdd07000 JavaThread "Common-Cleaner" daemon [_thread_blocked, id=9688, stack(0x0000005107b00000,0x0000005107c00000)]
  0x0000018acde29000 JavaThread "C2 CompilerThread1" daemon [_thread_blocked, id=12560, stack(0x0000005107c00000,0x0000005107d00000)]

Other Threads:
  0x0000018acd1b5800 VMThread "VM Thread" [stack: 0x0000005107100000,0x0000005107200000] [id=9680]
  0x0000018acdcfe000 WatcherThread [stack: 0x0000005107a00000,0x0000005107b00000] [id=4420]
  0x0000018aacbc5800 GCTaskThread "GC Thread#0" [stack: 0x0000005106c00000,0x0000005106d00000] [id=16036]
  0x0000018aacbf4800 ConcurrentGCThread "G1 Main Marker" [stack: 0x0000005106d00000,0x0000005106e00000] [id=7720]
  0x0000018aacbf7000 ConcurrentGCThread "G1 Conc#0" [stack: 0x0000005106e00000,0x0000005106f00000] [id=15548]
  0x0000018acd020800 ConcurrentGCThread "G1 Refine#0" [stack: 0x0000005106f00000,0x0000005107000000] [id=11180]
  0x0000018acd021800 ConcurrentGCThread "G1 Young RemSet Sampling" [stack: 0x0000005107000000,0x0000005107100000] [id=688]

Threads with active compile tasks:

VM state:not at safepoint (normal execution)

VM Mutex/Monitor currently owned by a thread: None

Heap address: 0x0000000083200000, size: 1998 MB, Compressed Oops mode: 32-bit
Narrow klass base: 0x0000000000000000, Narrow klass shift: 3
Compressed class space size: 1073741824 Address: 0x0000000100000000

Heap:
 garbage-first heap   total 129024K, used 13312K [0x0000000083200000, 0x0000000100000000)
  region size 1024K, 14 young (14336K), 0 survivors (0K)
 Metaspace       used 8815K, capacity 9032K, committed 9344K, reserved 1058816K
  class space    used 720K, capacity 782K, committed 896K, reserved 1048576K
Heap Regions: E=young(eden), S=young(survivor), O=old, HS=humongous(starts), HC=humongous(continues), CS=collection set, F=free, A=archive, TAMS=top-at-mark-start (previous, next)
|   0|0x0000000083200000, 0x0000000083200000, 0x0000000083300000|  0%| F|  |TAMS 0x0000000083200000, 0x0000000083200000| Untracked 
|   1|0x0000000083300000, 0x0000000083300000, 0x0000000083400000|  0%| F|  |TAMS 0x0000000083300000, 0x0000000083300000| Untracked 
|   2|0x0000000083400000, 0x0000000083400000, 0x0000000083500000|  0%| F|  |TAMS 0x0000000083400000, 0x0000000083400000| Untracked 
|   3|0x0000000083500000, 0x0000000083500000, 0x0000000083600000|  0%| F|  |TAMS 0x0000000083500000, 0x0000000083500000| Untracked 
|   4|0x0000000083600000, 0x0000000083600000, 0x0000000083700000|  0%| F|  |TAMS 0x0000000083600000, 0x0000000083600000| Untracked 
|   5|0x0000000083700000, 0x0000000083700000, 0x0000000083800000|  0%| F|  |TAMS 0x0000000083700000, 0x0000000083700000| Untracked 
|   6|0x0000000083800000, 0x0000000083800000, 0x0000000083900000|  0%| F|  |TAMS 0x0000000083800000, 0x0000000083800000| Untracked 
|   7|0x0000000083900000, 0x0000000083900000, 0x0000000083a00000|  0%| F|  |TAMS 0x0000000083900000, 0x0000000083900000| Untracked 
|   8|0x0000000083a00000, 0x0000000083a00000, 0x0000000083b00000|  0%| F|  |TAMS 0x0000000083a00000, 0x0000000083a00000| Untracked 
|   9|0x0000000083b00000, 0x0000000083b00000, 0x0000000083c00000|  0%| F|  |TAMS 0x0000000083b00000, 0x0000000083b00000| Untracked 
|  10|0x0000000083c00000, 0x0000000083c00000, 0x0000000083d00000|  0%| F|  |TAMS 0x0000000083c00000, 0x0000000083c00000| Untracked 
|  11|0x0000000083d00000, 0x0000000083d00000, 0x0000000083e00000|  0%| F|  |TAMS 0x0000000083d00000, 0x0000000083d00000| Untracked 
|  12|0x0000000083e00000, 0x0000000083e00000, 0x0000000083f00000|  0%| F|  |TAMS 0x0000000083e00000, 0x0000000083e00000| Untracked 
|  13|0x0000000083f00000, 0x0000000083f00000, 0x0000000084000000|  0%| F|  |TAMS 0x0000000083f00000, 0x0000000083f00000| Untracked 
|  14|0x0000000084000000, 0x0000000084000000, 0x0000000084100000|  0%| F|  |TAMS 0x0000000084000000, 0x0000000084000000| Untracked 
|  15|0x0000000084100000, 0x0000000084100000, 0x0000000084200000|  0%| F|  |TAMS 0x0000000084100000, 0x0000000084100000| Untracked 
|  16|0x0000000084200000, 0x0000000084200000, 0x0000000084300000|  0%| F|  |TAMS 0x0000000084200000, 0x0000000084200000| Untracked 
|  17|0x0000000084300000, 0x0000000084300000, 0x0000000084400000|  0%| F|  |TAMS 0x0000000084300000, 0x0000000084300000| Untracked 
|  18|0x0000000084400000, 0x0000000084400000, 0x0000000084500000|  0%| F|  |TAMS 0x0000000084400000, 0x0000000084400000| Untracked 
|  19|0x0000000084500000, 0x0000000084500000, 0x0000000084600000|  0%| F|  |TAMS 0x0000000084500000, 0x0000000084500000| Untracked 
|  20|0x0000000084600000, 0x0000000084600000, 0x0000000084700000|  0%| F|  |TAMS 0x0000000084600000, 0x0000000084600000| Untracked 
|  21|0x0000000084700000, 0x0000000084700000, 0x0000000084800000|  0%| F|  |TAMS 0x0000000084700000, 0x0000000084700000| Untracked 
|  22|0x0000000084800000, 0x0000000084800000, 0x0000000084900000|  0%| F|  |TAMS 0x0000000084800000, 0x0000000084800000| Untracked 
|  23|0x0000000084900000, 0x0000000084900000, 0x0000000084a00000|  0%| F|  |TAMS 0x0000000084900000, 0x0000000084900000| Untracked 
|  24|0x0000000084a00000, 0x0000000084a00000, 0x0000000084b00000|  0%| F|  |TAMS 0x0000000084a00000, 0x0000000084a00000| Untracked 
|  25|0x0000000084b00000, 0x0000000084b00000, 0x0000000084c00000|  0%| F|  |TAMS 0x0000000084b00000, 0x0000000084b00000| Untracked 
|  26|0x0000000084c00000, 0x0000000084c00000, 0x0000000084d00000|  0%| F|  |TAMS 0x0000000084c00000, 0x0000000084c00000| Untracked 
|  27|0x0000000084d00000, 0x0000000084d00000, 0x0000000084e00000|  0%| F|  |TAMS 0x0000000084d00000, 0x0000000084d00000| Untracked 
|  28|0x0000000084e00000, 0x0000000084e00000, 0x0000000084f00000|  0%| F|  |TAMS 0x0000000084e00000, 0x0000000084e00000| Untracked 
|  29|0x0000000084f00000, 0x0000000084f00000, 0x0000000085000000|  0%| F|  |TAMS 0x0000000084f00000, 0x0000000084f00000| Untracked 
|  30|0x0000000085000000, 0x0000000085000000, 0x0000000085100000|  0%| F|  |TAMS 0x0000000085000000, 0x0000000085000000| Untracked 
|  31|0x0000000085100000, 0x0000000085100000, 0x0000000085200000|  0%| F|  |TAMS 0x0000000085100000, 0x0000000085100000| Untracked 
|  32|0x0000000085200000, 0x0000000085200000, 0x0000000085300000|  0%| F|  |TAMS 0x0000000085200000, 0x0000000085200000| Untracked 
|  33|0x0000000085300000, 0x0000000085300000, 0x0000000085400000|  0%| F|  |TAMS 0x0000000085300000, 0x0000000085300000| Untracked 
|  34|0x0000000085400000, 0x0000000085400000, 0x0000000085500000|  0%| F|  |TAMS 0x0000000085400000, 0x0000000085400000| Untracked 
|  35|0x0000000085500000, 0x0000000085500000, 0x0000000085600000|  0%| F|  |TAMS 0x0000000085500000, 0x0000000085500000| Untracked 
|  36|0x0000000085600000, 0x0000000085600000, 0x0000000085700000|  0%| F|  |TAMS 0x0000000085600000, 0x0000000085600000| Untracked 
|  37|0x0000000085700000, 0x0000000085700000, 0x0000000085800000|  0%| F|  |TAMS 0x0000000085700000, 0x0000000085700000| Untracked 
|  38|0x0000000085800000, 0x0000000085800000, 0x0000000085900000|  0%| F|  |TAMS 0x0000000085800000, 0x0000000085800000| Untracked 
|  39|0x0000000085900000, 0x0000000085900000, 0x0000000085a00000|  0%| F|  |TAMS 0x0000000085900000, 0x0000000085900000| Untracked 
|  40|0x0000000085a00000, 0x0000000085a00000, 0x0000000085b00000|  0%| F|  |TAMS 0x0000000085a00000, 0x0000000085a00000| Untracked 
|  41|0x0000000085b00000, 0x0000000085b00000, 0x0000000085c00000|  0%| F|  |TAMS 0x0000000085b00000, 0x0000000085b00000| Untracked 
|  42|0x0000000085c00000, 0x0000000085c00000, 0x0000000085d00000|  0%| F|  |TAMS 0x0000000085c00000, 0x0000000085c00000| Untracked 
|  43|0x0000000085d00000, 0x0000000085d00000, 0x0000000085e00000|  0%| F|  |TAMS 0x0000000085d00000, 0x0000000085d00000| Untracked 
|  44|0x0000000085e00000, 0x0000000085e00000, 0x0000000085f00000|  0%| F|  |TAMS 0x0000000085e00000, 0x0000000085e00000| Untracked 
|  45|0x0000000085f00000, 0x0000000085f00000, 0x0000000086000000|  0%| F|  |TAMS 0x0000000085f00000, 0x0000000085f00000| Untracked 
|  46|0x0000000086000000, 0x0000000086000000, 0x0000000086100000|  0%| F|  |TAMS 0x0000000086000000, 0x0000000086000000| Untracked 
|  47|0x0000000086100000, 0x0000000086100000, 0x0000000086200000|  0%| F|  |TAMS 0x0000000086100000, 0x0000000086100000| Untracked 
|  48|0x0000000086200000, 0x0000000086200000, 0x0000000086300000|  0%| F|  |TAMS 0x0000000086200000, 0x0000000086200000| Untracked 
|  49|0x0000000086300000, 0x0000000086300000, 0x0000000086400000|  0%| F|  |TAMS 0x0000000086300000, 0x0000000086300000| Untracked 
|  50|0x0000000086400000, 0x0000000086400000, 0x0000000086500000|  0%| F|  |TAMS 0x0000000086400000, 0x0000000086400000| Untracked 
|  51|0x0000000086500000, 0x0000000086500000, 0x0000000086600000|  0%| F|  |TAMS 0x0000000086500000, 0x0000000086500000| Untracked 
|  52|0x0000000086600000, 0x0000000086600000, 0x0000000086700000|  0%| F|  |TAMS 0x0000000086600000, 0x0000000086600000| Untracked 
|  53|0x0000000086700000, 0x0000000086700000, 0x0000000086800000|  0%| F|  |TAMS 0x0000000086700000, 0x0000000086700000| Untracked 
|  54|0x0000000086800000, 0x0000000086800000, 0x0000000086900000|  0%| F|  |TAMS 0x0000000086800000, 0x0000000086800000| Untracked 
|  55|0x0000000086900000, 0x0000000086900000, 0x0000000086a00000|  0%| F|  |TAMS 0x0000000086900000, 0x0000000086900000| Untracked 
|  56|0x0000000086a00000, 0x0000000086a00000, 0x0000000086b00000|  0%| F|  |TAMS 0x0000000086a00000, 0x0000000086a00000| Untracked 
|  57|0x0000000086b00000, 0x0000000086b00000, 0x0000000086c00000|  0%| F|  |TAMS 0x0000000086b00000, 0x0000000086b00000| Untracked 
|  58|0x0000000086c00000, 0x0000000086c00000, 0x0000000086d00000|  0%| F|  |TAMS 0x0000000086c00000, 0x0000000086c00000| Untracked 
|  59|0x0000000086d00000, 0x0000000086d00000, 0x0000000086e00000|  0%| F|  |TAMS 0x0000000086d00000, 0x0000000086d00000| Untracked 
|  60|0x0000000086e00000, 0x0000000086e00000, 0x0000000086f00000|  0%| F|  |TAMS 0x0000000086e00000, 0x0000000086e00000| Untracked 
|  61|0x0000000086f00000, 0x0000000086f00000, 0x0000000087000000|  0%| F|  |TAMS 0x0000000086f00000, 0x0000000086f00000| Untracked 
|  62|0x0000000087000000, 0x0000000087000000, 0x0000000087100000|  0%| F|  |TAMS 0x0000000087000000, 0x0000000087000000| Untracked 
|  63|0x0000000087100000, 0x0000000087100000, 0x0000000087200000|  0%| F|  |TAMS 0x0000000087100000, 0x0000000087100000| Untracked 
|  64|0x0000000087200000, 0x0000000087200000, 0x0000000087300000|  0%| F|  |TAMS 0x0000000087200000, 0x0000000087200000| Untracked 
|  65|0x0000000087300000, 0x0000000087300000, 0x0000000087400000|  0%| F|  |TAMS 0x0000000087300000, 0x0000000087300000| Untracked 
|  66|0x0000000087400000, 0x0000000087400000, 0x0000000087500000|  0%| F|  |TAMS 0x0000000087400000, 0x0000000087400000| Untracked 
|  67|0x0000000087500000, 0x0000000087500000, 0x0000000087600000|  0%| F|  |TAMS 0x0000000087500000, 0x0000000087500000| Untracked 
|  68|0x0000000087600000, 0x0000000087600000, 0x0000000087700000|  0%| F|  |TAMS 0x0000000087600000, 0x0000000087600000| Untracked 
|  69|0x0000000087700000, 0x0000000087700000, 0x0000000087800000|  0%| F|  |TAMS 0x0000000087700000, 0x0000000087700000| Untracked 
|  70|0x0000000087800000, 0x0000000087800000, 0x0000000087900000|  0%| F|  |TAMS 0x0000000087800000, 0x0000000087800000| Untracked 
|  71|0x0000000087900000, 0x0000000087900000, 0x0000000087a00000|  0%| F|  |TAMS 0x0000000087900000, 0x0000000087900000| Untracked 
|  72|0x0000000087a00000, 0x0000000087a00000, 0x0000000087b00000|  0%| F|  |TAMS 0x0000000087a00000, 0x0000000087a00000| Untracked 
|  73|0x0000000087b00000, 0x0000000087b00000, 0x0000000087c00000|  0%| F|  |TAMS 0x0000000087b00000, 0x0000000087b00000| Untracked 
|  74|0x0000000087c00000, 0x0000000087c00000, 0x0000000087d00000|  0%| F|  |TAMS 0x0000000087c00000, 0x0000000087c00000| Untracked 
|  75|0x0000000087d00000, 0x0000000087d00000, 0x0000000087e00000|  0%| F|  |TAMS 0x0000000087d00000, 0x0000000087d00000| Untracked 
|  76|0x0000000087e00000, 0x0000000087e00000, 0x0000000087f00000|  0%| F|  |TAMS 0x0000000087e00000, 0x0000000087e00000| Untracked 
|  77|0x0000000087f00000, 0x0000000087f00000, 0x0000000088000000|  0%| F|  |TAMS 0x0000000087f00000, 0x0000000087f00000| Untracked 
|  78|0x0000000088000000, 0x0000000088000000, 0x0000000088100000|  0%| F|  |TAMS 0x0000000088000000, 0x0000000088000000| Untracked 
|  79|0x0000000088100000, 0x0000000088100000, 0x0000000088200000|  0%| F|  |TAMS 0x0000000088100000, 0x0000000088100000| Untracked 
|  80|0x0000000088200000, 0x0000000088200000, 0x0000000088300000|  0%| F|  |TAMS 0x0000000088200000, 0x0000000088200000| Untracked 
|  81|0x0000000088300000, 0x0000000088300000, 0x0000000088400000|  0%| F|  |TAMS 0x0000000088300000, 0x0000000088300000| Untracked 
|  82|0x0000000088400000, 0x0000000088400000, 0x0000000088500000|  0%| F|  |TAMS 0x0000000088400000, 0x0000000088400000| Untracked 
|  83|0x0000000088500000, 0x0000000088500000, 0x0000000088600000|  0%| F|  |TAMS 0x0000000088500000, 0x0000000088500000| Untracked 
|  84|0x0000000088600000, 0x0000000088600000, 0x0000000088700000|  0%| F|  |TAMS 0x0000000088600000, 0x0000000088600000| Untracked 
|  85|0x0000000088700000, 0x0000000088700000, 0x0000000088800000|  0%| F|  |TAMS 0x0000000088700000, 0x0000000088700000| Untracked 
|  86|0x0000000088800000, 0x0000000088800000, 0x0000000088900000|  0%| F|  |TAMS 0x0000000088800000, 0x0000000088800000| Untracked 
|  87|0x0000000088900000, 0x0000000088900000, 0x0000000088a00000|  0%| F|  |TAMS 0x0000000088900000, 0x0000000088900000| Untracked 
|  88|0x0000000088a00000, 0x0000000088a00000, 0x0000000088b00000|  0%| F|  |TAMS 0x0000000088a00000, 0x0000000088a00000| Untracked 
|  89|0x0000000088b00000, 0x0000000088b00000, 0x0000000088c00000|  0%| F|  |TAMS 0x0000000088b00000, 0x0000000088b00000| Untracked 
|  90|0x0000000088c00000, 0x0000000088c00000, 0x0000000088d00000|  0%| F|  |TAMS 0x0000000088c00000, 0x0000000088c00000| Untracked 
|  91|0x0000000088d00000, 0x0000000088d00000, 0x0000000088e00000|  0%| F|  |TAMS 0x0000000088d00000, 0x0000000088d00000| Untracked 
|  92|0x0000000088e00000, 0x0000000088e00000, 0x0000000088f00000|  0%| F|  |TAMS 0x0000000088e00000, 0x0000000088e00000| Untracked 
|  93|0x0000000088f00000, 0x0000000088f00000, 0x0000000089000000|  0%| F|  |TAMS 0x0000000088f00000, 0x0000000088f00000| Untracked 
|  94|0x0000000089000000, 0x0000000089000000, 0x0000000089100000|  0%| F|  |TAMS 0x0000000089000000, 0x0000000089000000| Untracked 
|  95|0x0000000089100000, 0x0000000089100000, 0x0000000089200000|  0%| F|  |TAMS 0x0000000089100000, 0x0000000089100000| Untracked 
|  96|0x0000000089200000, 0x0000000089200000, 0x0000000089300000|  0%| F|  |TAMS 0x0000000089200000, 0x0000000089200000| Untracked 
|  97|0x0000000089300000, 0x0000000089300000, 0x0000000089400000|  0%| F|  |TAMS 0x0000000089300000, 0x0000000089300000| Untracked 
|  98|0x0000000089400000, 0x0000000089400000, 0x0000000089500000|  0%| F|  |TAMS 0x0000000089400000, 0x0000000089400000| Untracked 
|  99|0x0000000089500000, 0x0000000089500000, 0x0000000089600000|  0%| F|  |TAMS 0x0000000089500000, 0x0000000089500000| Untracked 
| 100|0x0000000089600000, 0x0000000089600000, 0x0000000089700000|  0%| F|  |TAMS 0x0000000089600000, 0x0000000089600000| Untracked 
| 101|0x0000000089700000, 0x0000000089700000, 0x0000000089800000|  0%| F|  |TAMS 0x0000000089700000, 0x0000000089700000| Untracked 
| 102|0x0000000089800000, 0x0000000089800000, 0x0000000089900000|  0%| F|  |TAMS 0x0000000089800000, 0x0000000089800000| Untracked 
| 103|0x0000000089900000, 0x0000000089900000, 0x0000000089a00000|  0%| F|  |TAMS 0x0000000089900000, 0x0000000089900000| Untracked 
| 104|0x0000000089a00000, 0x0000000089a00000, 0x0000000089b00000|  0%| F|  |TAMS 0x0000000089a00000, 0x0000000089a00000| Untracked 
| 105|0x0000000089b00000, 0x0000000089b00000, 0x0000000089c00000|  0%| F|  |TAMS 0x0000000089b00000, 0x0000000089b00000| Untracked 
| 106|0x0000000089c00000, 0x0000000089c00000, 0x0000000089d00000|  0%| F|  |TAMS 0x0000000089c00000, 0x0000000089c00000| Untracked 
| 107|0x0000000089d00000, 0x0000000089d00000, 0x0000000089e00000|  0%| F|  |TAMS 0x0000000089d00000, 0x0000000089d00000| Untracked 
| 108|0x0000000089e00000, 0x0000000089e00000, 0x0000000089f00000|  0%| F|  |TAMS 0x0000000089e00000, 0x0000000089e00000| Untracked 
| 109|0x0000000089f00000, 0x0000000089f00000, 0x000000008a000000|  0%| F|  |TAMS 0x0000000089f00000, 0x0000000089f00000| Untracked 
| 110|0x000000008a000000, 0x000000008a000000, 0x000000008a100000|  0%| F|  |TAMS 0x000000008a000000, 0x000000008a000000| Untracked 
| 111|0x000000008a100000, 0x000000008a100000, 0x000000008a200000|  0%| F|  |TAMS 0x000000008a100000, 0x000000008a100000| Untracked 
| 112|0x000000008a200000, 0x000000008a2ffd58, 0x000000008a300000| 99%| E|  |TAMS 0x000000008a200000, 0x000000008a200000| Complete 
| 113|0x000000008a300000, 0x000000008a400000, 0x000000008a400000|100%| E|CS|TAMS 0x000000008a300000, 0x000000008a300000| Complete 
| 114|0x000000008a400000, 0x000000008a500000, 0x000000008a500000|100%| E|CS|TAMS 0x000000008a400000, 0x000000008a400000| Complete 
| 115|0x000000008a500000, 0x000000008a600000, 0x000000008a600000|100%| E|CS|TAMS 0x000000008a500000, 0x000000008a500000| Complete 
| 116|0x000000008a600000, 0x000000008a700000, 0x000000008a700000|100%| E|CS|TAMS 0x000000008a600000, 0x000000008a600000| Complete 
| 117|0x000000008a700000, 0x000000008a800000, 0x000000008a800000|100%| E|CS|TAMS 0x000000008a700000, 0x000000008a700000| Complete 
| 118|0x000000008a800000, 0x000000008a900000, 0x000000008a900000|100%| E|CS|TAMS 0x000000008a800000, 0x000000008a800000| Complete 
| 119|0x000000008a900000, 0x000000008aa00000, 0x000000008aa00000|100%| E|CS|TAMS 0x000000008a900000, 0x000000008a900000| Complete 
| 120|0x000000008aa00000, 0x000000008ab00000, 0x000000008ab00000|100%| E|CS|TAMS 0x000000008aa00000, 0x000000008aa00000| Complete 
| 121|0x000000008ab00000, 0x000000008ac00000, 0x000000008ac00000|100%| E|CS|TAMS 0x000000008ab00000, 0x000000008ab00000| Complete 
| 122|0x000000008ac00000, 0x000000008ad00000, 0x000000008ad00000|100%| E|CS|TAMS 0x000000008ac00000, 0x000000008ac00000| Complete 
| 123|0x000000008ad00000, 0x000000008ae00000, 0x000000008ae00000|100%| E|CS|TAMS 0x000000008ad00000, 0x000000008ad00000| Complete 
| 124|0x000000008ae00000, 0x000000008af00000, 0x000000008af00000|100%| E|CS|TAMS 0x000000008ae00000, 0x000000008ae00000| Complete 
| 125|0x000000008af00000, 0x000000008b000000, 0x000000008b000000|100%| E|CS|TAMS 0x000000008af00000, 0x000000008af00000| Complete 

Card table byte_map: [0x0000018ac6520000,0x0000018ac6910000] _byte_map_base: 0x0000018ac6107000

Marking Bits (Prev, Next): (CMBitMap*) 0x0000018aacbec118, (CMBitMap*) 0x0000018aacbec150
 Prev Bits: [0x0000018ac6d00000, 0x0000018ac8c38000)
 Next Bits: [0x0000018ac8c40000, 0x0000018acab78000)

Polling page: 0x0000018aacc80000

Metaspace:

Usage:
  Non-class:      8.06 MB capacity,     7.90 MB ( 98%) used,   145.07 KB (  2%) free+waste,    10.31 KB ( <1%) overhead. 
      Class:    782.00 KB capacity,   720.43 KB ( 92%) used,    56.57 KB (  7%) free+waste,     5.00 KB ( <1%) overhead. 
       Both:      8.82 MB capacity,     8.61 MB ( 98%) used,   201.64 KB (  2%) free+waste,    15.31 KB ( <1%) overhead. 

Virtual space:
  Non-class space:       10.00 MB reserved,       8.25 MB ( 82%) committed 
      Class space:        1.00 GB reserved,     896.00 KB ( <1%) committed 
             Both:        1.01 GB reserved,       9.12 MB ( <1%) committed 

Chunk freelists:
   Non-Class:  6.00 KB
       Class:  18.00 KB
        Both:  24.00 KB

MaxMetaspaceSize: 17179869184.00 GB
CompressedClassSpaceSize: 1.00 GB
Initial GC threshold: 20.80 MB
Current GC threshold: 20.80 MB
CDS: off

CodeHeap 'non-profiled nmethods': size=120064Kb used=205Kb max_used=205Kb free=119858Kb
 bounds [0x0000018abe5b0000, 0x0000018abe820000, 0x0000018ac5af0000]
CodeHeap 'profiled nmethods': size=120000Kb used=971Kb max_used=971Kb free=119028Kb
 bounds [0x0000018ab7080000, 0x0000018ab72f0000, 0x0000018abe5b0000]
CodeHeap 'non-nmethods': size=5696Kb used=1164Kb max_used=1176Kb free=4531Kb
 bounds [0x0000018ab6af0000, 0x0000018ab6d60000, 0x0000018ab7080000]
 total_blobs=1027 nmethods=614 adapters=326
 compilation: enabled
              stopped_count=0, restarted_count=0
 full_count=0

Compilation events (20 events):
Event: 0.491 Thread 0x0000018acd207800  604       3       java.lang.Class::getPackageName (81 bytes)
Event: 0.491 Thread 0x0000018acd207800 nmethod 604 0x0000018ab716dd10 code [0x0000018ab716dfa0, 0x0000018ab716e8c8]
Event: 0.492 Thread 0x0000018acd207800  605       3       java.lang.String::regionMatches (150 bytes)
Event: 0.492 Thread 0x0000018acd207800 nmethod 605 0x0000018ab716ec10 code [0x0000018ab716ee80, 0x0000018ab716f848]
Event: 0.492 Thread 0x0000018acd207800  606   !   3       jdk.internal.loader.URLClassPath$JarLoader::getResource (65 bytes)
Event: 0.493 Thread 0x0000018acd207800 nmethod 606 0x0000018ab716fb90 code [0x0000018ab716fe00, 0x0000018ab7170808]
Event: 0.493 Thread 0x0000018acd207800  607       3       java.lang.ref.Cleaner$1::apply (9 bytes)
Event: 0.493 Thread 0x0000018acd207800 nmethod 607 0x0000018ab7170b90 code [0x0000018ab7170d60, 0x0000018ab7170fb8]
Event: 0.493 Thread 0x0000018acd207800  608       3       java.lang.ref.Cleaner$1::apply (5 bytes)
Event: 0.493 Thread 0x0000018acd207800 nmethod 608 0x0000018ab7171090 code [0x0000018ab7171240, 0x0000018ab7171338]
Event: 0.493 Thread 0x0000018acd207800  609       3       java.lang.Integer::toUnsignedLong (7 bytes)
Event: 0.493 Thread 0x0000018acd207800 nmethod 609 0x0000018ab7171410 code [0x0000018ab71715c0, 0x0000018ab71716b8]
Event: 0.493 Thread 0x0000018acd207800  611       3       sun.misc.Unsafe::putLong (11 bytes)
Event: 0.493 Thread 0x0000018acd207800 nmethod 611 0x0000018ab7171790 code [0x0000018ab7171940, 0x0000018ab7171a38]
Event: 0.493 Thread 0x0000018acd207800  612       3       org.lwjgl.system.MemoryUtil::memPutAddress (29 bytes)
Event: 0.494 Thread 0x0000018acd1fa800  613       4       java.lang.Integer::toUnsignedLong (7 bytes)
Event: 0.494 Thread 0x0000018acd207800 nmethod 612 0x0000018ab7171b10 code [0x0000018ab7171cc0, 0x0000018ab7171eb8]
Event: 0.494 Thread 0x0000018acd1fa800 nmethod 613 0x0000018abe5e1a10 code [0x0000018abe5e1ba0, 0x0000018abe5e1bd8]
Event: 0.494 Thread 0x0000018acd207800  614       3       jdk.internal.util.jar.JarIndex::get (49 bytes)
Event: 0.494 Thread 0x0000018acd207800 nmethod 614 0x0000018ab7171f90 code [0x0000018ab71721e0, 0x0000018ab7172a88]

GC Heap History (0 events):
No events

Deoptimization events (20 events):
Event: 0.423 Thread 0x0000018aacbad000 DEOPT PACKING pc=0x0000018abe5c6668 sp=0x0000005106bfd0d0
Event: 0.423 Thread 0x0000018aacbad000 DEOPT UNPACKING pc=0x0000018ab6af85af sp=0x0000005106bfd000 mode 2
Event: 0.423 Thread 0x0000018aacbad000 Uncommon trap: trap_request=0xffffffde fr.pc=0x0000018abe5bf208 relative=0x00000000000000c8
Event: 0.423 Thread 0x0000018aacbad000 Uncommon trap: reason=class_check action=maybe_recompile pc=0x0000018abe5bf208 method=java.lang.Character.codePointAt(Ljava/lang/CharSequence;I)I @ 2 c2
Event: 0.423 Thread 0x0000018aacbad000 DEOPT PACKING pc=0x0000018abe5bf208 sp=0x0000005106bfcca0
Event: 0.423 Thread 0x0000018aacbad000 DEOPT UNPACKING pc=0x0000018ab6af85af sp=0x0000005106bfcc38 mode 2
Event: 0.424 Thread 0x0000018aacbad000 Uncommon trap: trap_request=0xffffffde fr.pc=0x0000018abe5c2f14 relative=0x00000000000001b4
Event: 0.424 Thread 0x0000018aacbad000 Uncommon trap: reason=class_check action=maybe_recompile pc=0x0000018abe5c2f14 method=java.util.regex.Matcher.getTextLength()I @ 4 c2
Event: 0.424 Thread 0x0000018aacbad000 DEOPT PACKING pc=0x0000018abe5c2f14 sp=0x0000005106bfd050
Event: 0.424 Thread 0x0000018aacbad000 DEOPT UNPACKING pc=0x0000018ab6af85af sp=0x0000005106bfcf80 mode 2
Event: 0.424 Thread 0x0000018aacbad000 Uncommon trap: trap_request=0xffffffde fr.pc=0x0000018abe5c6668 relative=0x00000000000002e8
Event: 0.424 Thread 0x0000018aacbad000 Uncommon trap: reason=class_check action=maybe_recompile pc=0x0000018abe5c6668 method=java.util.regex.Pattern$Start.match(Ljava/util/regex/Matcher;ILjava/lang/CharSequence;)Z @ 44 c2
Event: 0.424 Thread 0x0000018aacbad000 DEOPT PACKING pc=0x0000018abe5c6668 sp=0x0000005106bfd0d0
Event: 0.424 Thread 0x0000018aacbad000 DEOPT UNPACKING pc=0x0000018ab6af85af sp=0x0000005106bfd000 mode 2
Event: 0.466 Thread 0x0000018aacbad000 Uncommon trap: trap_request=0xffffffde fr.pc=0x0000018abe5bf208 relative=0x00000000000000c8
Event: 0.466 Thread 0x0000018aacbad000 Uncommon trap: reason=class_check action=maybe_recompile pc=0x0000018abe5bf208 method=java.lang.Character.codePointAt(Ljava/lang/CharSequence;I)I @ 2 c2
Event: 0.466 Thread 0x0000018aacbad000 DEOPT PACKING pc=0x0000018abe5bf208 sp=0x0000005106bfd840
Event: 0.466 Thread 0x0000018aacbad000 DEOPT UNPACKING pc=0x0000018ab6af85af sp=0x0000005106bfd7d8 mode 2
Event: 0.469 Thread 0x0000018aacbad000 DEOPT PACKING pc=0x0000018ab712e622 sp=0x0000005106bfb370
Event: 0.469 Thread 0x0000018aacbad000 DEOPT UNPACKING pc=0x0000018ab6b39d0e sp=0x0000005106bfa7d8 mode 0

Classes redefined (0 events):
No events

Internal exceptions (14 events):
Event: 0.177 Thread 0x0000018aacbad000 Exception <a 'java/lang/NoSuchMethodError'{0x000000008ae4d3d0}: 'int java.lang.invoke.DirectMethodHandle$Holder.invokeSpecialIFC(java.lang.Object, java.lang.Object, int)'> (0x000000008ae4d3d0) thrown at [./src/hotspot/share/interpreter/linkResolver.cpp, line 773]
Event: 0.334 Thread 0x0000018aacbad000 Exception <a 'java/lang/NoSuchMethodError'{0x000000008a492a88}: 'void java.lang.invoke.DelegatingMethodHandle$Holder.delegate(java.lang.Object, java.lang.Object, int, java.lang.Object)'> (0x000000008a492a88) thrown at [./src/hotspot/share/interpreter/linkResolver.cpp, line 773]
Event: 0.334 Thread 0x0000018aacbad000 Exception <a 'java/lang/NoSuchMethodError'{0x000000008a499ec0}: 'java.lang.Object java.lang.invoke.DirectMethodHandle$Holder.invokeStaticInit(java.lang.Object, java.lang.Object, java.lang.Object)'> (0x000000008a499ec0) thrown at [./src/hotspot/share/interpreter/linkResolver.cpp, line 773]
Event: 0.418 Thread 0x0000018aacbad000 Exception <a 'sun/nio/fs/WindowsException'{0x000000008a372a80}> (0x000000008a372a80) thrown at [./src/hotspot/share/prims/jni.cpp, line 617]
Event: 0.418 Thread 0x0000018aacbad000 Exception <a 'sun/nio/fs/WindowsException'{0x000000008a373228}> (0x000000008a373228) thrown at [./src/hotspot/share/prims/jni.cpp, line 617]
Event: 0.464 Thread 0x0000018aacbad000 Exception <a 'sun/nio/fs/WindowsException'{0x000000008a3bb820}> (0x000000008a3bb820) thrown at [./src/hotspot/share/prims/jni.cpp, line 617]
Event: 0.464 Thread 0x0000018aacbad000 Exception <a 'sun/nio/fs/WindowsException'{0x000000008a3bbe70}> (0x000000008a3bbe70) thrown at [./src/hotspot/share/prims/jni.cpp, line 617]
Event: 0.468 Thread 0x0000018aacbad000 Exception <a 'sun/nio/fs/WindowsException'{0x000000008a3d64f0}> (0x000000008a3d64f0) thrown at [./src/hotspot/share/prims/jni.cpp, line 617]
Event: 0.468 Thread 0x0000018aacbad000 Exception <a 'sun/nio/fs/WindowsException'{0x000000008a3d69b0}> (0x000000008a3d69b0) thrown at [./src/hotspot/share/prims/jni.cpp, line 617]
Event: 0.476 Thread 0x0000018aacbad000 Exception <a 'java/lang/NoSuchMethodError'{0x000000008a230e20}: 'int java.lang.invoke.DirectMethodHandle$Holder.invokeStaticInit(java.lang.Object, java.lang.Object, int, long)'> (0x000000008a230e20) thrown at [./src/hotspot/share/interpreter/linkResolver.cpp, line 773]
Event: 0.476 Thread 0x0000018aacbad000 Exception <a 'java/lang/NoSuchMethodError'{0x000000008a236270}: 'java.lang.Object java.lang.invoke.Invokers$Holder.linkToTargetMethod(java.lang.Object, int, java.lang.Object)'> (0x000000008a236270) thrown at [./src/hotspot/share/interpreter/linkResolver.cpp, line 773]
Event: 0.478 Thread 0x0000018aacbad000 Exception <a 'java/lang/NoSuchMethodError'{0x000000008a2453a0}: 'int java.lang.invoke.DirectMethodHandle$Holder.invokeStaticInit(java.lang.Object, java.lang.Object, long, long)'> (0x000000008a2453a0) thrown at [./src/hotspot/share/interpreter/linkResolver.cpp, line 773]
Event: 0.479 Thread 0x0000018aacbad000 Exception <a 'java/lang/NoSuchMethodError'{0x000000008a250b00}: 'java.lang.Object java.lang.invoke.Invokers$Holder.linkToTargetMethod(java.lang.Object, long, java.lang.Object)'> (0x000000008a250b00) thrown at [./src/hotspot/share/interpreter/linkResolver.cpp, line 773]
Event: 0.479 Thread 0x0000018aacbad000 Exception <a 'java/lang/NoSuchMethodError'{0x000000008a256e38}: 'int java.lang.invoke.DirectMethodHandle$Holder.invokeStaticInit(java.lang.Object, java.lang.Object, java.lang.Object, long)'> (0x000000008a256e38) thrown at [./src/hotspot/share/interpreter/linkResolver.cpp, line 773]

Events (20 events):
Event: 0.489 loading class java/util/Formatter$FormatSpecifier
Event: 0.490 loading class java/util/Formatter$FormatSpecifier done
Event: 0.490 loading class java/util/Formatter$Flags
Event: 0.490 loading class java/util/Formatter$Flags done
Event: 0.490 loading class java/util/Formatter$Conversion
Event: 0.490 loading class java/util/Formatter$Conversion done
Event: 0.490 loading class java/util/Formattable
Event: 0.490 loading class java/util/Formattable done
Event: 0.490 loading class org/lwjgl/system/MemoryManage$StdlibAllocator
Event: 0.490 loading class org/lwjgl/system/MemoryManage$StdlibAllocator done
Event: 0.491 loading class org/lwjgl/system/MemoryManage$DebugAllocator
Event: 0.491 loading class org/lwjgl/system/MemoryManage$DebugAllocator done
Event: 0.492 loading class org/lwjgl/system/libc/LibCStdlib
Event: 0.492 loading class org/lwjgl/system/libc/LibCStdlib done
Event: 0.492 loading class org/lwjgl/opengl/GL$1
Event: 0.492 loading class org/lwjgl/opengl/GL$1 done
Event: 0.492 loading class org/lwjgl/system/SharedLibrary$Delegate
Event: 0.492 loading class org/lwjgl/system/SharedLibrary$Delegate done
Event: 0.494 loading class org/lwjgl/opengl/GL11C
Event: 0.494 loading class org/lwjgl/opengl/GL11C done


Dynamic libraries:
0x00007ff6e7730000 - 0x00007ff6e773d000 	D:\JDK\bin\java.exe
0x00007fff8d650000 - 0x00007fff8d867000 	C:\WINDOWS\SYSTEM32\ntdll.dll
0x00007fff8c530000 - 0x00007fff8c5f4000 	C:\WINDOWS\System32\KERNEL32.DLL
0x00007fff8b000000 - 0x00007fff8b3a6000 	C:\WINDOWS\System32\KERNELBASE.dll
0x00007fff8ad80000 - 0x00007fff8ae91000 	C:\WINDOWS\System32\ucrtbase.dll
0x00007fff67e50000 - 0x00007fff67e69000 	D:\JDK\bin\VCRUNTIME140.dll
0x00007fff67c30000 - 0x00007fff67c47000 	D:\JDK\bin\jli.dll
0x00007fff8c7d0000 - 0x00007fff8c97d000 	C:\WINDOWS\System32\USER32.dll
0x00007fff8ad50000 - 0x00007fff8ad76000 	C:\WINDOWS\System32\win32u.dll
0x00007fff71340000 - 0x00007fff715d3000 	C:\WINDOWS\WinSxS\amd64_microsoft.windows.common-controls_6595b64144ccf1df_6.0.22621.2361_none_2712ced57382f843\COMCTL32.dll
0x00007fff8c7a0000 - 0x00007fff8c7c9000 	C:\WINDOWS\System32\GDI32.dll
0x00007fff8d210000 - 0x00007fff8d2b7000 	C:\WINDOWS\System32\msvcrt.dll
0x00007fff8ac30000 - 0x00007fff8ad48000 	C:\WINDOWS\System32\gdi32full.dll
0x00007fff8af60000 - 0x00007fff8affa000 	C:\WINDOWS\System32\msvcp_win.dll
0x00007fff8ba00000 - 0x00007fff8ba31000 	C:\WINDOWS\System32\IMM32.DLL
0x00007fff85d40000 - 0x00007fff85d4c000 	D:\JDK\bin\vcruntime140_1.dll
0x00007fff2ef10000 - 0x00007fff2efa1000 	D:\JDK\bin\msvcp140.dll
0x00007fff14020000 - 0x00007fff14bda000 	D:\JDK\bin\server\jvm.dll
0x00007fff8d320000 - 0x00007fff8d3d0000 	C:\WINDOWS\System32\ADVAPI32.dll
0x00007fff8b870000 - 0x00007fff8b916000 	C:\WINDOWS\System32\sechost.dll
0x00007fff8bcf0000 - 0x00007fff8be07000 	C:\WINDOWS\System32\RPCRT4.dll
0x00007fff8d3d0000 - 0x00007fff8d3d8000 	C:\WINDOWS\System32\PSAPI.DLL
0x00007fff49400000 - 0x00007fff49409000 	C:\WINDOWS\SYSTEM32\WSOCK32.dll
0x00007fff8b7f0000 - 0x00007fff8b861000 	C:\WINDOWS\System32\WS2_32.dll
0x00007fff81050000 - 0x00007fff81084000 	C:\WINDOWS\SYSTEM32\WINMM.dll
0x00007fff7ca70000 - 0x00007fff7ca7a000 	C:\WINDOWS\SYSTEM32\VERSION.dll
0x00007fff89a10000 - 0x00007fff89a28000 	C:\WINDOWS\SYSTEM32\kernel.appcore.dll
0x00007fff70800000 - 0x00007fff70810000 	D:\JDK\bin\verify.dll
0x00007fff7a8f0000 - 0x00007fff7ab1e000 	C:\WINDOWS\SYSTEM32\DBGHELP.DLL
0x00007fff8b3b0000 - 0x00007fff8b73a000 	C:\WINDOWS\System32\combase.dll
0x00007fff8b920000 - 0x00007fff8b9f7000 	C:\WINDOWS\System32\OLEAUT32.dll
0x00007fff5f3a0000 - 0x00007fff5f3d2000 	C:\WINDOWS\SYSTEM32\dbgcore.DLL
0x00007fff8aa40000 - 0x00007fff8aaba000 	C:\WINDOWS\System32\bcryptPrimitives.dll
0x00007fff66130000 - 0x00007fff66158000 	D:\JDK\bin\java.dll
0x00007fff70760000 - 0x00007fff7076a000 	D:\JDK\bin\jimage.dll
0x00007fff64500000 - 0x00007fff64518000 	D:\JDK\bin\zip.dll
0x00007fff8c980000 - 0x00007fff8d1d8000 	C:\WINDOWS\System32\SHELL32.dll
0x00007fff88930000 - 0x00007fff89222000 	C:\WINDOWS\SYSTEM32\windows.storage.dll
0x00007fff887f0000 - 0x00007fff8892e000 	C:\WINDOWS\SYSTEM32\wintypes.dll
0x00007fff8bb60000 - 0x00007fff8bc53000 	C:\WINDOWS\System32\SHCORE.dll
0x00007fff8bc80000 - 0x00007fff8bcde000 	C:\WINDOWS\System32\shlwapi.dll
0x00007fff8a900000 - 0x00007fff8a926000 	C:\WINDOWS\SYSTEM32\profapi.dll
0x00007fff5a610000 - 0x00007fff5a629000 	D:\JDK\bin\net.dll
0x00007fff855c0000 - 0x00007fff856f7000 	C:\WINDOWS\SYSTEM32\WINHTTP.dll
0x00007fff89e90000 - 0x00007fff89ef9000 	C:\WINDOWS\system32\mswsock.dll
0x00007fff56b10000 - 0x00007fff56b23000 	D:\JDK\bin\nio.dll
0x00007fff2dc00000 - 0x00007fff2dc7b000 	C:\Users\\AppData\Local\Temp\lwjgl_\3.3.3+5\x64\lwjgl.dll
0x00007fff36080000 - 0x00007fff360de000 	C:\Users\\AppData\Local\Temp\lwjgl_\3.3.3+5\x64\lwjgl_opengl.dll
0x00007fff70ec0000 - 0x00007fff70fc0000 	C:\WINDOWS\SYSTEM32\opengl32.dll
0x00007fff70e50000 - 0x00007fff70e7d000 	C:\WINDOWS\SYSTEM32\GLU32.dll
0x00007fff88010000 - 0x00007fff88046000 	C:\WINDOWS\SYSTEM32\dxcore.dll

dbghelp: loaded successfully - version: 4.0.5 - missing functions: none
symbol engine: initialized successfully - sym options: 0x614 - pdb path: .;D:\JDK\bin;C:\WINDOWS\SYSTEM32;C:\WINDOWS\WinSxS\amd64_microsoft.windows.common-controls_6595b64144ccf1df_6.0.22621.2361_none_2712ced57382f843;D:\JDK\bin\server;C:\Users\\AppData\Local\Temp\lwjgl_\3.3.3+5\x64

VM Arguments:
java_command: Program
java_class_path (initial): C:\Users\\AppData\Roaming\Code\User\workspaceStorage\d92ffe016f534936655b7c06321687b6\redhat.java\jdt_ws\ObjParser_17fcb01c\bin;d:\JavaProjects\ObjParser\lib\lwjgl-glfw-javadoc.jar;d:\JavaProjects\ObjParser\lib\lwjgl-glfw-natives-linux.jar;d:\JavaProjects\ObjParser\lib\lwjgl-glfw.jar;d:\JavaProjects\ObjParser\lib\lwjgl-javadoc.jar;d:\JavaProjects\ObjParser\lib\lwjgl-natives-windows.jar;d:\JavaProjects\ObjParser\lib\lwjgl-glfw-natives-windows.jar;d:\JavaProjects\ObjParser\lib\lwjgl.jar;d:\JavaProjects\ObjParser\lib\lwjgl-natives-linux.jar;d:\JavaProjects\ObjParser\lib\lwjgl-opengl-natives-windows.jar;d:\JavaProjects\ObjParser\lib\lwjgl-opengl-natives-linux.jar;d:\JavaProjects\ObjParser\lib\lwjgl-opengl-javadoc.jar;d:\JavaProjects\ObjParser\lib\lwjgl-opengl.jar
Launcher Type: SUN_STANDARD

[Global flags]
     intx CICompilerCount                          = 3                                         {product} {ergonomic}
     uint ConcGCThreads                            = 1                                         {product} {ergonomic}
     uint G1ConcRefinementThreads                  = 4                                         {product} {ergonomic}
   size_t G1HeapRegionSize                         = 1048576                                   {product} {ergonomic}
    uintx GCDrainStackTargetSize                   = 64                                        {product} {ergonomic}
   size_t InitialHeapSize                          = 132120576                                 {product} {ergonomic}
   size_t MarkStackSize                            = 4194304                                   {product} {ergonomic}
   size_t MaxHeapSize                              = 2095054848                                {product} {ergonomic}
   size_t MaxNewSize                               = 1256194048                                {product} {ergonomic}
   size_t MinHeapDeltaBytes                        = 1048576                                   {product} {ergonomic}
    uintx NonNMethodCodeHeapSize                   = 5830732                                {pd product} {ergonomic}
    uintx NonProfiledCodeHeapSize                  = 122913754                              {pd product} {ergonomic}
    uintx ProfiledCodeHeapSize                     = 122913754                              {pd product} {ergonomic}
    uintx ReservedCodeCacheSize                    = 251658240                              {pd product} {ergonomic}
     bool SegmentedCodeCache                       = true                                      {product} {ergonomic}
     bool UseCompressedClassPointers               = true                                 {lp64_product} {ergonomic}
     bool UseCompressedOops                        = true                                 {lp64_product} {ergonomic}
     bool UseG1GC                                  = true                                      {product} {ergonomic}
     bool UseLargePagesIndividualAllocation        = false                                  {pd product} {ergonomic}

Logging:
Log output configuration:
 #0: stdout all=warning uptime,level,tags
 #1: stderr all=off uptime,level,tags

Environment Variables:
PATH=C:\Program Files (x86)\NVIDIA Corporation\PhysX\Common;D:\Ruby32-x64\bin;D:\JDK\bin;C:\Program Files\Common Files\Oracle\Java\javapath;C:\Program Files (x86)\Common Files\Oracle\Java\javapath;C:\Windows\System32\HWAudioDriverLibs;C:\Windows\system32;C:\Windows;C:\Windows\System32\Wbem;C:\Windows\System32\WindowsPowerShell\v1.0\;C:\Windows\System32\OpenSSH\;C:\Users\Administrator\AppData\Local\Microsoft\WindowsApps;C:\Program Files\dotnet\;C:\Program Files\Git\cmd;C:\Program Files (x86)\GtkSharp\2.12\bin;D:\Java\bin;C:\WINDOWS\system32;C:\WINDOWS;C:\WINDOWS\System32\Wbem;C:\WINDOWS\System32\WindowsPowerShell\v1.0\;C:\WINDOWS\System32\OpenSSH\;C:\Users\\.cargo\bin;C:\Users\\AppData\Local\Microsoft\WindowsApps;C:\Users\\.dotnet\tools;D:\MinGW\bin;;C:\Users\\AppData\Local\Programs\Microsoft VS Code\bin
USERNAME=
LANG=en_US.UTF-8
OS=Windows_NT
PROCESSOR_IDENTIFIER=Intel64 Family 6 Model 140 Stepping 1, GenuineIntel
TMP=C:\Users\D899~1\AppData\Local\Temp
TEMP=C:\Users\D899~1\AppData\Local\Temp



---------------  S Y S T E M  ---------------

OS: Windows 11 , 64 bit Build 22621 (10.0.22621.2428)
OS uptime: 0 days 6:04 hours

CPU:total 4 (initial active 4) (2 cores per cpu, 2 threads per core) family 6 model 140 stepping 1 microcode 0x8a, cmov, cx8, fxsr, mmx, sse, sse2, sse3, ssse3, sse4.1, sse4.2, popcnt, avx, avx2, aes, clmul, erms, 3dnowpref, lzcnt, ht, tsc, tscinvbit, bmi1, bmi2, adx, evex, sha, fma

Memory: 4k page, system-wide physical 7991M (979M free)
TotalPageFile size 12343M (AvailPageFile size 3645M)
current process WorkingSet (physical memory assigned to process): 57M, peak: 57M
current process commit charge ("private bytes"): 203M, peak: 203M

vm_info: OpenJDK 64-Bit Server VM (11.0.18+10) for windows-amd64 JRE (11.0.18+10), built on Jan 18 2023 04:27:27 by "" with MS VC++ 16.7 (VS2019)

END.
